<?xml version="1.0" encoding="UTF-8"?>
<!-- Generated by org.testng.reporters.JUnitXMLReporter -->
<testsuite ignored="0" hostname="DESKTOP-9B6E1NU" failures="2" tests="12" name="API Regression Tests" time="40.299" errors="0" timestamp="2025-12-16T10:48:46 IST">
  <testcase classname="io.cucumber.testng.AbstractTestNGCucumberTests" name="runScenario" time="9.62"/>
  <testcase classname="io.cucumber.testng.AbstractTestNGCucumberTests" name="runScenario" time="4.909"/>
  <testcase classname="io.cucumber.testng.AbstractTestNGCucumberTests" name="runScenario" time="2.316"/>
  <testcase classname="io.cucumber.testng.AbstractTestNGCucumberTests" name="runScenario" time="2.78"/>
  <testcase classname="io.cucumber.testng.AbstractTestNGCucumberTests" name="runScenario" time="2.312"/>
  <testcase classname="io.cucumber.testng.AbstractTestNGCucumberTests" name="runScenario" time="2.167"/>
  <testcase classname="io.cucumber.testng.AbstractTestNGCucumberTests" name="runScenario" time="2.156"/>
  <testcase classname="io.cucumber.testng.AbstractTestNGCucumberTests" name="runScenario" time="2.192"/>
  <testcase classname="io.cucumber.testng.AbstractTestNGCucumberTests" name="runScenario" time="2.167"/>
  <testcase classname="io.cucumber.testng.AbstractTestNGCucumberTests" name="runScenario" time="2.193"/>
  <testcase classname="io.cucumber.testng.AbstractTestNGCucumberTests" name="runScenario" time="2.247">
    <failure type="java.lang.AssertionError" message="expected [300] but found [200]">
      <![CDATA[java.lang.AssertionError: expected [300] but found [200]
at com.infinium.stepDefinitions.FetchBillersSteps.the_fetch_billers_response_status_code_should_be(FetchBillersSteps.java:75)
at ✽.the fetch billers response status code should be 300(file:///G:/Selenium%20Project/Stan%20Automation/Euronet-API-Test/src/test/resources/features/FetchBillers.feature:62)
... Removed 7 stack frames]]>
    </failure>
  </testcase> <!-- runScenario -->
  <testcase classname="io.cucumber.testng.AbstractTestNGCucumberTests" name="runScenario" time="2.172">
    <failure type="java.lang.AssertionError" message="Response time 128ms exceeded limit 100ms expected [true] but found [false]">
      <![CDATA[java.lang.AssertionError: Response time 128ms exceeded limit 100ms expected [true] but found [false]
at com.infinium.stepDefinitions.FetchBillersSteps.the_response_time_should_be_less_than(FetchBillersSteps.java:152)
at ✽.the response time should be less than 100 milliseconds(file:///G:/Selenium%20Project/Stan%20Automation/Euronet-API-Test/src/test/resources/features/FetchBillers.feature:69)
... Removed 3 stack frames]]>
    </failure>
  </testcase> <!-- runScenario -->
</testsuite> <!-- API Regression Tests -->
