<html>
<head>
<title>TestNG:  API Regression Tests</title>
<link href="../testng.css" rel="stylesheet" type="text/css" />
<link href="../my-testng.css" rel="stylesheet" type="text/css" />

<style type="text/css">
.log { display: none;} 
.stack-trace { display: none;} 
</style>
<script type="text/javascript">
<!--
function flip(e) {
  current = e.style.display;
  if (current == 'block') {
    e.style.display = 'none';
    return 0;
  }
  else {
    e.style.display = 'block';
    return 1;
  }
}

function toggleBox(szDivId, elem, msg1, msg2)
{
  var res = -1;  if (document.getElementById) {
    res = flip(document.getElementById(szDivId));
  }
  else if (document.all) {
    // this is the way old msie versions work
    res = flip(document.all[szDivId]);
  }
  if(elem) {
    if(res == 0) elem.innerHTML = msg1; else elem.innerHTML = msg2;
  }

}

function toggleAllBoxes() {
  if (document.getElementsByTagName) {
    d = document.getElementsByTagName('div');
    for (i = 0; i < d.length; i++) {
      if (d[i].className == 'log') {
        flip(d[i]);
      }
    }
  }
}

// -->
</script>

</head>
<body>
<h2 align='center'>API Regression Tests</h2><table border='1' align="center">
<tr>
<td>Tests passed/Failed/Skipped:</td><td>10/2/0</td>
</tr><tr>
<td>Started on:</td><td>Tue Dec 16 10:48:06 IST 2025</td>
</tr>
<tr><td>Total time:</td><td>40 seconds (40299 ms)</td>
</tr><tr>
<td>Included groups:</td><td></td>
</tr><tr>
<td>Excluded groups:</td><td></td>
</tr>
</table><p/>
<small><i>(Hover the method name to see the test class name)</i></small><p/>
<table width='100%' border='1' class='invocation-failed'>
<tr><td colspan='4' align='center'><b>FAILED TESTS</b></td></tr>
<tr><td><b>Test method</b></td>
<td><b>Attribute(s)</b></td>
<td width="30%"><b>Exception</b></td>
<td width="10%"><b>Time (seconds)</b></td>
<td><b>Instance</b></td>
</tr>
<tr>
<td title='com.infinium.runners.TestRunner.runScenario()'><b>runScenario</b><br>Test class: com.infinium.runners.TestRunner<br>Test method: Runs Cucumber Scenarios<br>Parameters: "EB-12 Response time check", "Fetch Billers Validation"</td>
<td><div><pre>java.lang.AssertionError: Response time 128ms exceeded limit 100ms expected [true] but found [false]
	at com.infinium.stepDefinitions.FetchBillersSteps.the_response_time_should_be_less_than(FetchBillersSteps.java:152)
	at ?.the response time should be less than 100 milliseconds(file:///G:/Selenium%20Project/Stan%20Automation/Euronet-API-Test/src/test/resources/features/FetchBillers.feature:69)
... Removed 3 stack frames</pre></div><a href='#' onClick='toggleBox("stack-trace187611049", this, "Click to show all stack frames", "Click to hide stack frames")'>Click to show all stack frames</a>
<div class='stack-trace' id='stack-trace187611049'><pre>java.lang.AssertionError: Response time 128ms exceeded limit 100ms expected [true] but found [false]
	at org.testng.Assert.fail(Assert.java:111)
	at org.testng.Assert.failNotEquals(Assert.java:1578)
	at org.testng.Assert.assertTrue(Assert.java:57)
	at com.infinium.stepDefinitions.FetchBillersSteps.the_response_time_should_be_less_than(FetchBillersSteps.java:152)
	at ?.the response time should be less than 100 milliseconds(file:///G:/Selenium%20Project/Stan%20Automation/Euronet-API-Test/src/test/resources/features/FetchBillers.feature:69)
</pre></div></td>
<td>2</td>
<td>com.infinium.runners.TestRunner@4bcaa195</td></tr>
<tr>
<td title='com.infinium.runners.TestRunner.runScenario()'><b>runScenario</b><br>Test class: com.infinium.runners.TestRunner<br>Test method: Runs Cucumber Scenarios<br>Parameters: "EB-11 Duplicate billers check", "Fetch Billers Validation"</td>
<td><div><pre>java.lang.AssertionError: expected [300] but found [200]
	at com.infinium.stepDefinitions.FetchBillersSteps.the_fetch_billers_response_status_code_should_be(FetchBillersSteps.java:75)
	at ?.the fetch billers response status code should be 300(file:///G:/Selenium%20Project/Stan%20Automation/Euronet-API-Test/src/test/resources/features/FetchBillers.feature:62)
... Removed 7 stack frames</pre></div><a href='#' onClick='toggleBox("stack-trace880933146", this, "Click to show all stack frames", "Click to hide stack frames")'>Click to show all stack frames</a>
<div class='stack-trace' id='stack-trace880933146'><pre>java.lang.AssertionError: expected [300] but found [200]
	at org.testng.Assert.fail(Assert.java:111)
	at org.testng.Assert.failNotEquals(Assert.java:1578)
	at org.testng.Assert.assertEqualsImpl(Assert.java:150)
	at org.testng.Assert.assertEquals(Assert.java:132)
	at org.testng.Assert.assertEquals(Assert.java:1419)
	at org.testng.Assert.assertEquals(Assert.java:1383)
	at org.testng.Assert.assertEquals(Assert.java:1429)
	at com.infinium.stepDefinitions.FetchBillersSteps.the_fetch_billers_response_status_code_should_be(FetchBillersSteps.java:75)
	at ?.the fetch billers response status code should be 300(file:///G:/Selenium%20Project/Stan%20Automation/Euronet-API-Test/src/test/resources/features/FetchBillers.feature:62)
</pre></div></td>
<td>2</td>
<td>com.infinium.runners.TestRunner@4bcaa195</td></tr>
</table><p>
<table width='100%' border='1' class='invocation-passed'>
<tr><td colspan='4' align='center'><b>PASSED TESTS</b></td></tr>
<tr><td><b>Test method</b></td>
<td><b>Attribute(s)</b></td>
<td width="30%"><b>Exception</b></td>
<td width="10%"><b>Time (seconds)</b></td>
<td><b>Instance</b></td>
</tr>
<tr>
<td title='com.infinium.runners.TestRunner.runScenario()'><b>runScenario</b><br>Test class: com.infinium.runners.TestRunner<br>Test method: Runs Cucumber Scenarios<br>Parameters: "EB-02 Validate response format", "Fetch Billers Validation"</td>
<td></td>
<td>4</td>
<td>com.infinium.runners.TestRunner@4bcaa195</td></tr>
<tr>
<td title='com.infinium.runners.TestRunner.runScenario()'><b>runScenario</b><br>Test class: com.infinium.runners.TestRunner<br>Test method: Runs Cucumber Scenarios<br>Parameters: "EB-08 Invalid HTTP method", "Fetch Billers Validation"</td>
<td></td>
<td>2</td>
<td>com.infinium.runners.TestRunner@4bcaa195</td></tr>
<tr>
<td title='com.infinium.runners.TestRunner.runScenario()'><b>runScenario</b><br>Test class: com.infinium.runners.TestRunner<br>Test method: Runs Cucumber Scenarios<br>Parameters: "EB-07 Invalid auth key", "Fetch Billers Validation"</td>
<td></td>
<td>2</td>
<td>com.infinium.runners.TestRunner@4bcaa195</td></tr>
<tr>
<td title='com.infinium.runners.TestRunner.runScenario()'><b>runScenario</b><br>Test class: com.infinium.runners.TestRunner<br>Test method: Runs Cucumber Scenarios<br>Parameters: "EB-04 Multiple consecutive calls", "Fetch Billers Validation"</td>
<td></td>
<td>2</td>
<td>com.infinium.runners.TestRunner@4bcaa195</td></tr>
<tr>
<td title='com.infinium.runners.TestRunner.runScenario()'><b>runScenario</b><br>Test class: com.infinium.runners.TestRunner<br>Test method: Runs Cucumber Scenarios<br>Parameters: "EB-06 Missing auth key", "Fetch Billers Validation"</td>
<td></td>
<td>2</td>
<td>com.infinium.runners.TestRunner@4bcaa195</td></tr>
<tr>
<td title='com.infinium.runners.TestRunner.runScenario()'><b>runScenario</b><br>Test class: com.infinium.runners.TestRunner<br>Test method: Runs Cucumber Scenarios<br>Parameters: "EB-10 Empty biller list check", "Fetch Billers Validation"</td>
<td></td>
<td>2</td>
<td>com.infinium.runners.TestRunner@4bcaa195</td></tr>
<tr>
<td title='com.infinium.runners.TestRunner.runScenario()'><b>runScenario</b><br>Test class: com.infinium.runners.TestRunner<br>Test method: Runs Cucumber Scenarios<br>Parameters: "EB-03 Validate mandatory fields", "Fetch Billers Validation"</td>
<td></td>
<td>2</td>
<td>com.infinium.runners.TestRunner@4bcaa195</td></tr>
<tr>
<td title='com.infinium.runners.TestRunner.runScenario()'><b>runScenario</b><br>Test class: com.infinium.runners.TestRunner<br>Test method: Runs Cucumber Scenarios<br>Parameters: "EB-05 Response consistency", "Fetch Billers Validation"</td>
<td></td>
<td>2</td>
<td>com.infinium.runners.TestRunner@4bcaa195</td></tr>
<tr>
<td title='com.infinium.runners.TestRunner.runScenario()'><b>runScenario</b><br>Test class: com.infinium.runners.TestRunner<br>Test method: Runs Cucumber Scenarios<br>Parameters: "EB-09 Invalid endpoint", "Fetch Billers Validation"</td>
<td></td>
<td>2</td>
<td>com.infinium.runners.TestRunner@4bcaa195</td></tr>
<tr>
<td title='com.infinium.runners.TestRunner.runScenario()'><b>runScenario</b><br>Test class: com.infinium.runners.TestRunner<br>Test method: Runs Cucumber Scenarios<br>Parameters: "EB-01 Fetch billers with valid auth", "Fetch Billers Validation"</td>
<td></td>
<td>9</td>
<td>com.infinium.runners.TestRunner@4bcaa195</td></tr>
</table><p>
</body>
</html>