<?xml version="1.0" encoding="UTF-8"?>
<testsuite name="Cucumber" time="37.968" tests="12" skipped="0" failures="2" errors="0">
<testcase classname="Fetch Billers Validation" name="EB-01 Fetch billers with valid auth" time="8.636">
<system-out><![CDATA[
Given a valid x-vpc-key is provided.........................................passed
When I send a GET request to fetch billers..................................passed
Then the fetch billers response status code should be 200...................passed
And the billers list should be present......................................passed
]]></system-out>
</testcase>
<testcase classname="Fetch Billers Validation" name="EB-02 Validate response format" time="4.86">
<system-out><![CDATA[
Given a valid x-vpc-key is provided.........................................passed
When I send a GET request to fetch billers..................................passed
Then the fetch billers response status code should be 200...................passed
And the response should be in JSON format...................................passed
And the response should contain a data array................................passed
]]></system-out>
</testcase>
<testcase classname="Fetch Billers Validation" name="EB-03 Validate mandatory fields" time="2.301">
<system-out><![CDATA[
Given a valid x-vpc-key is provided.........................................passed
When I send a GET request to fetch billers..................................passed
Then the fetch billers response status code should be 200...................passed
And each biller should contain "id" and "name"..............................passed
]]></system-out>
</testcase>
<testcase classname="Fetch Billers Validation" name="EB-04 Multiple consecutive calls" time="2.762">
<system-out><![CDATA[
Given a valid x-vpc-key is provided.........................................passed
When I send 5 consecutive GET requests to fetch billers.....................passed
Then every response status code should be 200...............................passed
]]></system-out>
</testcase>
<testcase classname="Fetch Billers Validation" name="EB-05 Response consistency" time="2.304">
<system-out><![CDATA[
Given a valid x-vpc-key is provided.........................................passed
When I send 2 consecutive GET requests to fetch billers.....................passed
Then the responses should be consistent.....................................passed
]]></system-out>
</testcase>
<testcase classname="Fetch Billers Validation" name="EB-06 Missing auth key" time="2.162">
<system-out><![CDATA[
Given no x-vpc-key is provided..............................................passed
When I send a GET request to fetch billers..................................passed
Then the fetch billers response status code should be 401...................passed
]]></system-out>
</testcase>
<testcase classname="Fetch Billers Validation" name="EB-07 Invalid auth key" time="2.14">
<system-out><![CDATA[
Given an invalid x-vpc-key "INVALID_KEY_12345"..............................passed
When I send a GET request to fetch billers..................................passed
Then the fetch billers response status code should be 401...................passed
]]></system-out>
</testcase>
<testcase classname="Fetch Billers Validation" name="EB-08 Invalid HTTP method" time="2.169">
<system-out><![CDATA[
Given a valid x-vpc-key is provided.........................................passed
When I send a POST request to fetch billers.................................passed
Then the fetch billers response status code should be 405...................passed
]]></system-out>
</testcase>
<testcase classname="Fetch Billers Validation" name="EB-09 Invalid endpoint" time="2.158">
<system-out><![CDATA[
Given a valid x-vpc-key is provided.........................................passed
When I send a GET request to an invalid endpoint............................passed
Then the fetch billers response status code should be 404...................passed
]]></system-out>
</testcase>
<testcase classname="Fetch Billers Validation" name="EB-10 Empty biller list check" time="2.183">
<system-out><![CDATA[
Given a valid x-vpc-key is provided.........................................passed
When I send a GET request to fetch billers..................................passed
Then the fetch billers response status code should be 200...................passed
And the billers list should be a valid array (empty or not).................passed
]]></system-out>
</testcase>
<testcase classname="Fetch Billers Validation" name="EB-11 Duplicate billers check" time="2.227">
<failure type="java.lang.AssertionError" message="expected [300] but found [200]">
<![CDATA[java.lang.AssertionError: expected [300] but found [200]
	at org.testng.Assert.fail(Assert.java:111)
	at org.testng.Assert.failNotEquals(Assert.java:1578)
	at org.testng.Assert.assertEqualsImpl(Assert.java:150)
	at org.testng.Assert.assertEquals(Assert.java:132)
	at org.testng.Assert.assertEquals(Assert.java:1419)
	at org.testng.Assert.assertEquals(Assert.java:1383)
	at org.testng.Assert.assertEquals(Assert.java:1429)
	at com.infinium.stepDefinitions.FetchBillersSteps.the_fetch_billers_response_status_code_should_be(FetchBillersSteps.java:75)
	at ?.the fetch billers response status code should be 300(file:///G:/Selenium%20Project/Stan%20Automation/Euronet-API-Test/src/test/resources/features/FetchBillers.feature:62)
]]>
</failure>
<system-out><![CDATA[
Given a valid x-vpc-key is provided.........................................passed
When I send a GET request to fetch billers..................................passed
Then the fetch billers response status code should be 300...................failed
And no duplicate "id" values should be present..............................skipped
]]></system-out>
</testcase>
<testcase classname="Fetch Billers Validation" name="EB-12 Response time check" time="2.162">
<failure type="java.lang.AssertionError" message="Response time 128ms exceeded limit 100ms expected [true] but found [false]">
<![CDATA[java.lang.AssertionError: Response time 128ms exceeded limit 100ms expected [true] but found [false]
	at org.testng.Assert.fail(Assert.java:111)
	at org.testng.Assert.failNotEquals(Assert.java:1578)
	at org.testng.Assert.assertTrue(Assert.java:57)
	at com.infinium.stepDefinitions.FetchBillersSteps.the_response_time_should_be_less_than(FetchBillersSteps.java:152)
	at ?.the response time should be less than 100 milliseconds(file:///G:/Selenium%20Project/Stan%20Automation/Euronet-API-Test/src/test/resources/features/FetchBillers.feature:69)
]]>
</failure>
<system-out><![CDATA[
Given a valid x-vpc-key is provided.........................................passed
When I send a GET request to fetch billers..................................passed
Then the fetch billers response status code should be 200...................passed
And the response time should be less than 100 milliseconds..................failed
]]></system-out>
</testcase>
</testsuite>
