{"uuid":"6395cc87-dc6a-476b-996a-1208f93fa520","historyId":"a2f3b0c6342c3d108b90695e1930644b","fullName":"src/test/resources/features/StorePurchase.feature:48","labels":[{"name":"tag","value":"Regression"},{"name":"tag","value":"StorePurchase"},{"name":"tag","value":"Security"},{"name":"host","value":"IMPETUS-BL0561"},{"name":"thread","value":"34440@IMPETUS-BL0561.TestNG-tests-1(20)"},{"name":"feature","value":"Store Purchase API"},{"name":"story","value":"Verify Missing API Key"},{"name":"suite","value":"Store Purchase API"},{"name":"testClass","value":"Verify Missing API Key"},{"name":"framework","value":"cucumber4jvm"},{"name":"language","value":"java"},{"name":"gherkin_uri","value":"file:///C:/Selenium%20framework%20export/Manu/Euronet-API-Test/src/test/resources/features/StorePurchase.feature"},{"name":"package","value":"src.test.resources.features.StorePurchase_feature.Store Purchase API"}],"links":[],"name":"Verify Missing API Key","status":"failed","statusDetails":{"known":false,"muted":false,"flaky":false,"message":"Expected status code 400 or 401 but found 200 expected [true] but found [false]","trace":"java.lang.AssertionError: Expected status code 400 or 401 but found 200 expected [true] but found [false]\r\n\tat org.testng.Assert.fail(Assert.java:111)\r\n\tat org.testng.Assert.failNotEquals(Assert.java:1578)\r\n\tat org.testng.Assert.assertTrue(Assert.java:57)\r\n\tat com.infinium.stepDefinitions.StorePurchaseSteps.the_response_status_code_should_be_or(StorePurchaseSteps.java:128)\r\n\tat ✽.the response status code should be 400 or 401(file:///C:/Selenium%20framework%20export/Manu/Euronet-API-Test/src/test/resources/features/StorePurchase.feature:52)\r\n"},"stage":"finished","description":"  As a user\n  I want to purchase store items securely\n  So that payment and fraud scenarios are handled correctly","steps":[{"name":"Given  the Store Purchase API is available","status":"passed","statusDetails":{"known":false,"muted":false,"flaky":false},"stage":"finished","steps":[],"attachments":[],"parameters":[],"start":1767893213342,"stop":1767893213342},{"name":"Given  I prepare a valid store purchase request","status":"passed","statusDetails":{"known":false,"muted":false,"flaky":false},"stage":"finished","steps":[],"attachments":[],"parameters":[],"start":1767893213343,"stop":1767893213343},{"name":"And  I remove API key","status":"passed","statusDetails":{"known":false,"muted":false,"flaky":false},"stage":"finished","steps":[],"attachments":[],"parameters":[],"start":1767893213343,"stop":1767893213343},{"name":"When  I submit the store purchase request","status":"passed","statusDetails":{"known":false,"muted":false,"flaky":false},"stage":"finished","steps":[],"attachments":[{"name":"Response Status","source":"5475157a-1e67-4860-a13d-5524026dbb33-attachment.txt","type":"text/plain"},{"name":"Response Body","source":"4c2f863f-ffc8-44a5-a8b0-124fbc910811-attachment.txt","type":"application/json"}],"parameters":[],"start":1767893213344,"stop":1767893213958},{"name":"Then  the response status code should be 400 or 401","status":"failed","statusDetails":{"known":false,"muted":false,"flaky":false,"message":"Expected status code 400 or 401 but found 200 expected [true] but found [false]","trace":"java.lang.AssertionError: Expected status code 400 or 401 but found 200 expected [true] but found [false]\r\n\tat org.testng.Assert.fail(Assert.java:111)\r\n\tat org.testng.Assert.failNotEquals(Assert.java:1578)\r\n\tat org.testng.Assert.assertTrue(Assert.java:57)\r\n\tat com.infinium.stepDefinitions.StorePurchaseSteps.the_response_status_code_should_be_or(StorePurchaseSteps.java:128)\r\n\tat ✽.the response status code should be 400 or 401(file:///C:/Selenium%20framework%20export/Manu/Euronet-API-Test/src/test/resources/features/StorePurchase.feature:52)\r\n"},"stage":"finished","steps":[],"attachments":[],"parameters":[],"start":1767893213958,"stop":1767893213971}],"attachments":[],"parameters":[],"start":1767893213341,"stop":1767893215982}