<?xml version="1.0" encoding="UTF-8"?>
<testng-results ignored="0" total="12" passed="10" failed="2" skipped="0">
  <reporter-output>
  </reporter-output>
  <suite started-at="2025-12-16T10:48:06 IST" name="Financial Intelligence Test Suite" finished-at="2025-12-16T10:48:46 IST" duration-ms="40299">
    <groups>
      <group name="cucumber">
        <method signature="AbstractTestNGCucumberTests.runScenario(io.cucumber.testng.PickleWrapper,io.cucumber.testng.FeatureWrapper)[pri:0, instance:com.infinium.runners.TestRunner@4bcaa195]" name="runScenario" class="io.cucumber.testng.AbstractTestNGCucumberTests"/>
      </group> <!-- cucumber -->
    </groups>
    <test started-at="2025-12-16T10:48:06 IST" name="API Regression Tests" finished-at="2025-12-16T10:48:46 IST" duration-ms="40299">
      <class name="com.infinium.runners.TestRunner">
        <test-method is-config="true" signature="setUpClass(org.testng.ITestContext)[pri:0, instance:com.infinium.runners.TestRunner@4bcaa195]" started-at="2025-12-16T10:48:06 IST" name="setUpClass" finished-at="2025-12-16T10:48:09 IST" duration-ms="2580" status="PASS">
          <params>
            <param index="0">
              <value>
                <![CDATA[org.testng.TestRunner@12a2585b]]>
              </value>
            </param>
          </params>
          <reporter-output>
          </reporter-output>
        </test-method> <!-- setUpClass -->
        <test-method signature="runScenario(io.cucumber.testng.PickleWrapper,io.cucumber.testng.FeatureWrapper)[pri:0, instance:com.infinium.runners.TestRunner@4bcaa195]" started-at="2025-12-16T10:48:09 IST" name="runScenario" description="Runs Cucumber Scenarios" data-provider="scenarios" finished-at="2025-12-16T10:48:18 IST" duration-ms="9620" status="PASS">
          <params>
            <param index="0">
              <value>
                <![CDATA["EB-01 Fetch billers with valid auth"]]>
              </value>
            </param>
            <param index="1">
              <value>
                <![CDATA["Fetch Billers Validation"]]>
              </value>
            </param>
          </params>
          <reporter-output>
          </reporter-output>
        </test-method> <!-- runScenario -->
        <test-method signature="runScenario(io.cucumber.testng.PickleWrapper,io.cucumber.testng.FeatureWrapper)[pri:0, instance:com.infinium.runners.TestRunner@4bcaa195]" started-at="2025-12-16T10:48:19 IST" name="runScenario" description="Runs Cucumber Scenarios" data-provider="scenarios" finished-at="2025-12-16T10:48:24 IST" duration-ms="4909" status="PASS">
          <params>
            <param index="0">
              <value>
                <![CDATA["EB-02 Validate response format"]]>
              </value>
            </param>
            <param index="1">
              <value>
                <![CDATA["Fetch Billers Validation"]]>
              </value>
            </param>
          </params>
          <reporter-output>
          </reporter-output>
        </test-method> <!-- runScenario -->
        <test-method signature="runScenario(io.cucumber.testng.PickleWrapper,io.cucumber.testng.FeatureWrapper)[pri:0, instance:com.infinium.runners.TestRunner@4bcaa195]" started-at="2025-12-16T10:48:24 IST" name="runScenario" description="Runs Cucumber Scenarios" data-provider="scenarios" finished-at="2025-12-16T10:48:26 IST" duration-ms="2316" status="PASS">
          <params>
            <param index="0">
              <value>
                <![CDATA["EB-03 Validate mandatory fields"]]>
              </value>
            </param>
            <param index="1">
              <value>
                <![CDATA["Fetch Billers Validation"]]>
              </value>
            </param>
          </params>
          <reporter-output>
          </reporter-output>
        </test-method> <!-- runScenario -->
        <test-method signature="runScenario(io.cucumber.testng.PickleWrapper,io.cucumber.testng.FeatureWrapper)[pri:0, instance:com.infinium.runners.TestRunner@4bcaa195]" started-at="2025-12-16T10:48:26 IST" name="runScenario" description="Runs Cucumber Scenarios" data-provider="scenarios" finished-at="2025-12-16T10:48:29 IST" duration-ms="2780" status="PASS">
          <params>
            <param index="0">
              <value>
                <![CDATA["EB-04 Multiple consecutive calls"]]>
              </value>
            </param>
            <param index="1">
              <value>
                <![CDATA["Fetch Billers Validation"]]>
              </value>
            </param>
          </params>
          <reporter-output>
          </reporter-output>
        </test-method> <!-- runScenario -->
        <test-method signature="runScenario(io.cucumber.testng.PickleWrapper,io.cucumber.testng.FeatureWrapper)[pri:0, instance:com.infinium.runners.TestRunner@4bcaa195]" started-at="2025-12-16T10:48:29 IST" name="runScenario" description="Runs Cucumber Scenarios" data-provider="scenarios" finished-at="2025-12-16T10:48:31 IST" duration-ms="2312" status="PASS">
          <params>
            <param index="0">
              <value>
                <![CDATA["EB-05 Response consistency"]]>
              </value>
            </param>
            <param index="1">
              <value>
                <![CDATA["Fetch Billers Validation"]]>
              </value>
            </param>
          </params>
          <reporter-output>
          </reporter-output>
        </test-method> <!-- runScenario -->
        <test-method signature="runScenario(io.cucumber.testng.PickleWrapper,io.cucumber.testng.FeatureWrapper)[pri:0, instance:com.infinium.runners.TestRunner@4bcaa195]" started-at="2025-12-16T10:48:31 IST" name="runScenario" description="Runs Cucumber Scenarios" data-provider="scenarios" finished-at="2025-12-16T10:48:33 IST" duration-ms="2167" status="PASS">
          <params>
            <param index="0">
              <value>
                <![CDATA["EB-06 Missing auth key"]]>
              </value>
            </param>
            <param index="1">
              <value>
                <![CDATA["Fetch Billers Validation"]]>
              </value>
            </param>
          </params>
          <reporter-output>
          </reporter-output>
        </test-method> <!-- runScenario -->
        <test-method signature="runScenario(io.cucumber.testng.PickleWrapper,io.cucumber.testng.FeatureWrapper)[pri:0, instance:com.infinium.runners.TestRunner@4bcaa195]" started-at="2025-12-16T10:48:33 IST" name="runScenario" description="Runs Cucumber Scenarios" data-provider="scenarios" finished-at="2025-12-16T10:48:35 IST" duration-ms="2156" status="PASS">
          <params>
            <param index="0">
              <value>
                <![CDATA["EB-07 Invalid auth key"]]>
              </value>
            </param>
            <param index="1">
              <value>
                <![CDATA["Fetch Billers Validation"]]>
              </value>
            </param>
          </params>
          <reporter-output>
          </reporter-output>
        </test-method> <!-- runScenario -->
        <test-method signature="runScenario(io.cucumber.testng.PickleWrapper,io.cucumber.testng.FeatureWrapper)[pri:0, instance:com.infinium.runners.TestRunner@4bcaa195]" started-at="2025-12-16T10:48:35 IST" name="runScenario" description="Runs Cucumber Scenarios" data-provider="scenarios" finished-at="2025-12-16T10:48:37 IST" duration-ms="2192" status="PASS">
          <params>
            <param index="0">
              <value>
                <![CDATA["EB-08 Invalid HTTP method"]]>
              </value>
            </param>
            <param index="1">
              <value>
                <![CDATA["Fetch Billers Validation"]]>
              </value>
            </param>
          </params>
          <reporter-output>
          </reporter-output>
        </test-method> <!-- runScenario -->
        <test-method signature="runScenario(io.cucumber.testng.PickleWrapper,io.cucumber.testng.FeatureWrapper)[pri:0, instance:com.infinium.runners.TestRunner@4bcaa195]" started-at="2025-12-16T10:48:37 IST" name="runScenario" description="Runs Cucumber Scenarios" data-provider="scenarios" finished-at="2025-12-16T10:48:40 IST" duration-ms="2167" status="PASS">
          <params>
            <param index="0">
              <value>
                <![CDATA["EB-09 Invalid endpoint"]]>
              </value>
            </param>
            <param index="1">
              <value>
                <![CDATA["Fetch Billers Validation"]]>
              </value>
            </param>
          </params>
          <reporter-output>
          </reporter-output>
        </test-method> <!-- runScenario -->
        <test-method signature="runScenario(io.cucumber.testng.PickleWrapper,io.cucumber.testng.FeatureWrapper)[pri:0, instance:com.infinium.runners.TestRunner@4bcaa195]" started-at="2025-12-16T10:48:40 IST" name="runScenario" description="Runs Cucumber Scenarios" data-provider="scenarios" finished-at="2025-12-16T10:48:42 IST" duration-ms="2193" status="PASS">
          <params>
            <param index="0">
              <value>
                <![CDATA["EB-10 Empty biller list check"]]>
              </value>
            </param>
            <param index="1">
              <value>
                <![CDATA["Fetch Billers Validation"]]>
              </value>
            </param>
          </params>
          <reporter-output>
          </reporter-output>
        </test-method> <!-- runScenario -->
        <test-method signature="runScenario(io.cucumber.testng.PickleWrapper,io.cucumber.testng.FeatureWrapper)[pri:0, instance:com.infinium.runners.TestRunner@4bcaa195]" started-at="2025-12-16T10:48:42 IST" name="runScenario" description="Runs Cucumber Scenarios" data-provider="scenarios" finished-at="2025-12-16T10:48:44 IST" duration-ms="2247" status="FAIL">
          <params>
            <param index="0">
              <value>
                <![CDATA["EB-11 Duplicate billers check"]]>
              </value>
            </param>
            <param index="1">
              <value>
                <![CDATA["Fetch Billers Validation"]]>
              </value>
            </param>
          </params>
          <exception class="java.lang.AssertionError">
            <message>
              <![CDATA[expected [300] but found [200]]]>
            </message>
            <full-stacktrace>
              <![CDATA[java.lang.AssertionError: expected [300] but found [200]
at org.testng.Assert.fail(Assert.java:111)
at org.testng.Assert.failNotEquals(Assert.java:1578)
at org.testng.Assert.assertEqualsImpl(Assert.java:150)
at org.testng.Assert.assertEquals(Assert.java:132)
at org.testng.Assert.assertEquals(Assert.java:1419)
at org.testng.Assert.assertEquals(Assert.java:1383)
at org.testng.Assert.assertEquals(Assert.java:1429)
at com.infinium.stepDefinitions.FetchBillersSteps.the_fetch_billers_response_status_code_should_be(FetchBillersSteps.java:75)
at ✽.the fetch billers response status code should be 300(file:///G:/Selenium%20Project/Stan%20Automation/Euronet-API-Test/src/test/resources/features/FetchBillers.feature:62)
]]>
            </full-stacktrace>
          </exception> <!-- java.lang.AssertionError -->
          <reporter-output>
          </reporter-output>
        </test-method> <!-- runScenario -->
        <test-method signature="runScenario(io.cucumber.testng.PickleWrapper,io.cucumber.testng.FeatureWrapper)[pri:0, instance:com.infinium.runners.TestRunner@4bcaa195]" started-at="2025-12-16T10:48:44 IST" name="runScenario" description="Runs Cucumber Scenarios" data-provider="scenarios" finished-at="2025-12-16T10:48:46 IST" duration-ms="2172" status="FAIL">
          <params>
            <param index="0">
              <value>
                <![CDATA["EB-12 Response time check"]]>
              </value>
            </param>
            <param index="1">
              <value>
                <![CDATA["Fetch Billers Validation"]]>
              </value>
            </param>
          </params>
          <exception class="java.lang.AssertionError">
            <message>
              <![CDATA[Response time 128ms exceeded limit 100ms expected [true] but found [false]]]>
            </message>
            <full-stacktrace>
              <![CDATA[java.lang.AssertionError: Response time 128ms exceeded limit 100ms expected [true] but found [false]
at org.testng.Assert.fail(Assert.java:111)
at org.testng.Assert.failNotEquals(Assert.java:1578)
at org.testng.Assert.assertTrue(Assert.java:57)
at com.infinium.stepDefinitions.FetchBillersSteps.the_response_time_should_be_less_than(FetchBillersSteps.java:152)
at ✽.the response time should be less than 100 milliseconds(file:///G:/Selenium%20Project/Stan%20Automation/Euronet-API-Test/src/test/resources/features/FetchBillers.feature:69)
]]>
            </full-stacktrace>
          </exception> <!-- java.lang.AssertionError -->
          <reporter-output>
          </reporter-output>
        </test-method> <!-- runScenario -->
        <test-method is-config="true" signature="tearDownClass()[pri:0, instance:com.infinium.runners.TestRunner@4bcaa195]" started-at="2025-12-16T10:48:46 IST" name="tearDownClass" finished-at="2025-12-16T10:48:46 IST" duration-ms="150" status="PASS">
          <reporter-output>
          </reporter-output>
        </test-method> <!-- tearDownClass -->
      </class> <!-- com.infinium.runners.TestRunner -->
    </test> <!-- API Regression Tests -->
  </suite> <!-- Financial Intelligence Test Suite -->
</testng-results>
