<?xml version="1.0" encoding="UTF-8"?>
<testng-results ignored="0" total="15" passed="14" failed="1" skipped="0">
  <reporter-output>
  </reporter-output>
  <suite started-at="2026-01-08T22:56:33 IST" name="Financial Intelligence Test Suite" finished-at="2026-01-08T22:57:20 IST" duration-ms="46676">
    <groups>
      <group name="cucumber">
        <method signature="AbstractTestNGCucumberTests.runScenario(io.cucumber.testng.PickleWrapper,io.cucumber.testng.FeatureWrapper)[pri:0, instance:com.infinium.runners.TestRunner@5792c08c]" name="runScenario" class="io.cucumber.testng.AbstractTestNGCucumberTests"/>
      </group> <!-- cucumber -->
    </groups>
    <test started-at="2026-01-08T22:56:33 IST" name="API Regression Tests" finished-at="2026-01-08T22:57:20 IST" duration-ms="46676">
      <class name="com.infinium.runners.TestRunner">
        <test-method is-config="true" signature="setUpClass(org.testng.ITestContext)[pri:0, instance:com.infinium.runners.TestRunner@5792c08c]" started-at="2026-01-08T22:56:33 IST" name="setUpClass" finished-at="2026-01-08T22:56:35 IST" duration-ms="2120" status="PASS">
          <params>
            <param index="0">
              <value>
                <![CDATA[org.testng.TestRunner@71370fec]]>
              </value>
            </param>
          </params>
          <reporter-output>
          </reporter-output>
        </test-method> <!-- setUpClass -->
        <test-method signature="runScenario(io.cucumber.testng.PickleWrapper,io.cucumber.testng.FeatureWrapper)[pri:0, instance:com.infinium.runners.TestRunner@5792c08c]" started-at="2026-01-08T22:56:35 IST" name="runScenario" description="Runs Cucumber Scenarios" data-provider="scenarios" finished-at="2026-01-08T22:56:46 IST" duration-ms="10694" status="PASS">
          <params>
            <param index="0">
              <value>
                <![CDATA["Verify Direct Purchase (Happy Path)"]]>
              </value>
            </param>
            <param index="1">
              <value>
                <![CDATA["Store Purchase API"]]>
              </value>
            </param>
          </params>
          <reporter-output>
          </reporter-output>
        </test-method> <!-- runScenario -->
        <test-method signature="runScenario(io.cucumber.testng.PickleWrapper,io.cucumber.testng.FeatureWrapper)[pri:0, instance:com.infinium.runners.TestRunner@5792c08c]" started-at="2026-01-08T22:56:46 IST" name="runScenario" description="Runs Cucumber Scenarios" data-provider="scenarios" finished-at="2026-01-08T22:56:48 IST" duration-ms="2273" status="PASS">
          <params>
            <param index="0">
              <value>
                <![CDATA["Verify Unauthorized Access with Invalid Token"]]>
              </value>
            </param>
            <param index="1">
              <value>
                <![CDATA["Store Purchase API"]]>
              </value>
            </param>
          </params>
          <reporter-output>
          </reporter-output>
        </test-method> <!-- runScenario -->
        <test-method signature="runScenario(io.cucumber.testng.PickleWrapper,io.cucumber.testng.FeatureWrapper)[pri:0, instance:com.infinium.runners.TestRunner@5792c08c]" started-at="2026-01-08T22:56:48 IST" name="runScenario" description="Runs Cucumber Scenarios" data-provider="scenarios" finished-at="2026-01-08T22:56:51 IST" duration-ms="2167" status="PASS">
          <params>
            <param index="0">
              <value>
                <![CDATA["Verify Amount Manipulation"]]>
              </value>
            </param>
            <param index="1">
              <value>
                <![CDATA["Store Purchase API"]]>
              </value>
            </param>
          </params>
          <reporter-output>
          </reporter-output>
        </test-method> <!-- runScenario -->
        <test-method signature="runScenario(io.cucumber.testng.PickleWrapper,io.cucumber.testng.FeatureWrapper)[pri:0, instance:com.infinium.runners.TestRunner@5792c08c]" started-at="2026-01-08T22:56:51 IST" name="runScenario" description="Runs Cucumber Scenarios" data-provider="scenarios" finished-at="2026-01-08T22:56:53 IST" duration-ms="2193" status="PASS">
          <params>
            <param index="0">
              <value>
                <![CDATA["Verify Quantity Manipulation"]]>
              </value>
            </param>
            <param index="1">
              <value>
                <![CDATA["Store Purchase API"]]>
              </value>
            </param>
          </params>
          <reporter-output>
          </reporter-output>
        </test-method> <!-- runScenario -->
        <test-method signature="runScenario(io.cucumber.testng.PickleWrapper,io.cucumber.testng.FeatureWrapper)[pri:0, instance:com.infinium.runners.TestRunner@5792c08c]" started-at="2026-01-08T22:56:53 IST" name="runScenario" description="Runs Cucumber Scenarios" data-provider="scenarios" finished-at="2026-01-08T22:56:55 IST" duration-ms="2680" status="FAIL">
          <params>
            <param index="0">
              <value>
                <![CDATA["Verify Missing API Key"]]>
              </value>
            </param>
            <param index="1">
              <value>
                <![CDATA["Store Purchase API"]]>
              </value>
            </param>
          </params>
          <exception class="java.lang.AssertionError">
            <message>
              <![CDATA[Expected status code 400 or 401 but found 200 expected [true] but found [false]]]>
            </message>
            <full-stacktrace>
              <![CDATA[java.lang.AssertionError: Expected status code 400 or 401 but found 200 expected [true] but found [false]
at org.testng.Assert.fail(Assert.java:111)
at org.testng.Assert.failNotEquals(Assert.java:1578)
at org.testng.Assert.assertTrue(Assert.java:57)
at com.infinium.stepDefinitions.StorePurchaseSteps.the_response_status_code_should_be_or(StorePurchaseSteps.java:128)
at ✽.the response status code should be 400 or 401(file:///C:/Selenium%20framework%20export/Manu/Euronet-API-Test/src/test/resources/features/StorePurchase.feature:52)
]]>
            </full-stacktrace>
          </exception> <!-- java.lang.AssertionError -->
          <reporter-output>
          </reporter-output>
        </test-method> <!-- runScenario -->
        <test-method signature="runScenario(io.cucumber.testng.PickleWrapper,io.cucumber.testng.FeatureWrapper)[pri:0, instance:com.infinium.runners.TestRunner@5792c08c]" started-at="2026-01-08T22:56:56 IST" name="runScenario" description="Runs Cucumber Scenarios" data-provider="scenarios" finished-at="2026-01-08T22:56:58 IST" duration-ms="2831" status="PASS">
          <params>
            <param index="0">
              <value>
                <![CDATA["Prevent duplicate store purchase request"]]>
              </value>
            </param>
            <param index="1">
              <value>
                <![CDATA["Store Purchase API"]]>
              </value>
            </param>
          </params>
          <reporter-output>
          </reporter-output>
        </test-method> <!-- runScenario -->
        <test-method signature="runScenario(io.cucumber.testng.PickleWrapper,io.cucumber.testng.FeatureWrapper)[pri:0, instance:com.infinium.runners.TestRunner@5792c08c]" started-at="2026-01-08T22:56:58 IST" name="runScenario" description="Runs Cucumber Scenarios" data-provider="scenarios" finished-at="2026-01-08T22:57:01 IST" duration-ms="2172" status="PASS">
          <params>
            <param index="0">
              <value>
                <![CDATA["Reject purchase with unsupported country code"]]>
              </value>
            </param>
            <param index="1">
              <value>
                <![CDATA["Store Purchase API"]]>
              </value>
            </param>
          </params>
          <reporter-output>
          </reporter-output>
        </test-method> <!-- runScenario -->
        <test-method signature="runScenario(io.cucumber.testng.PickleWrapper,io.cucumber.testng.FeatureWrapper)[pri:0, instance:com.infinium.runners.TestRunner@5792c08c]" started-at="2026-01-08T22:57:01 IST" name="runScenario" description="Runs Cucumber Scenarios" data-provider="scenarios" finished-at="2026-01-08T22:57:03 IST" duration-ms="2415" status="PASS">
          <params>
            <param index="0">
              <value>
                <![CDATA["Reject redirect URL from untrusted domain"]]>
              </value>
            </param>
            <param index="1">
              <value>
                <![CDATA["Store Purchase API"]]>
              </value>
            </param>
          </params>
          <reporter-output>
          </reporter-output>
        </test-method> <!-- runScenario -->
        <test-method signature="runScenario(io.cucumber.testng.PickleWrapper,io.cucumber.testng.FeatureWrapper)[pri:0, instance:com.infinium.runners.TestRunner@5792c08c]" started-at="2026-01-08T22:57:03 IST" name="runScenario" description="Runs Cucumber Scenarios" data-provider="scenarios" finished-at="2026-01-08T22:57:05 IST" duration-ms="2200" status="PASS">
          <params>
            <param index="0">
              <value>
                <![CDATA["Reject unsupported PhonePe payment mode"]]>
              </value>
            </param>
            <param index="1">
              <value>
                <![CDATA["Store Purchase API"]]>
              </value>
            </param>
          </params>
          <reporter-output>
          </reporter-output>
        </test-method> <!-- runScenario -->
        <test-method signature="runScenario(io.cucumber.testng.PickleWrapper,io.cucumber.testng.FeatureWrapper)[pri:0, instance:com.infinium.runners.TestRunner@5792c08c]" started-at="2026-01-08T22:57:05 IST" name="runScenario" description="Runs Cucumber Scenarios" data-provider="scenarios" finished-at="2026-01-08T22:57:08 IST" duration-ms="2853" status="PASS">
          <params>
            <param index="0">
              <value>
                <![CDATA["Block excessive store purchase attempts"]]>
              </value>
            </param>
            <param index="1">
              <value>
                <![CDATA["Store Purchase API"]]>
              </value>
            </param>
          </params>
          <reporter-output>
          </reporter-output>
        </test-method> <!-- runScenario -->
        <test-method signature="runScenario(io.cucumber.testng.PickleWrapper,io.cucumber.testng.FeatureWrapper)[pri:0, instance:com.infinium.runners.TestRunner@5792c08c]" started-at="2026-01-08T22:57:08 IST" name="runScenario" description="Runs Cucumber Scenarios" data-provider="scenarios" finished-at="2026-01-08T22:57:10 IST" duration-ms="2145" status="PASS">
          <params>
            <param index="0">
              <value>
                <![CDATA["Reject phone number with invalid length"]]>
              </value>
            </param>
            <param index="1">
              <value>
                <![CDATA["Store Purchase API"]]>
              </value>
            </param>
          </params>
          <reporter-output>
          </reporter-output>
        </test-method> <!-- runScenario -->
        <test-method signature="runScenario(io.cucumber.testng.PickleWrapper,io.cucumber.testng.FeatureWrapper)[pri:0, instance:com.infinium.runners.TestRunner@5792c08c]" started-at="2026-01-08T22:57:10 IST" name="runScenario" description="Runs Cucumber Scenarios" data-provider="scenarios" finished-at="2026-01-08T22:57:12 IST" duration-ms="2162" status="PASS">
          <params>
            <param index="0">
              <value>
                <![CDATA["Reject phone number containing alphabets"]]>
              </value>
            </param>
            <param index="1">
              <value>
                <![CDATA["Store Purchase API"]]>
              </value>
            </param>
          </params>
          <reporter-output>
          </reporter-output>
        </test-method> <!-- runScenario -->
        <test-method signature="runScenario(io.cucumber.testng.PickleWrapper,io.cucumber.testng.FeatureWrapper)[pri:0, instance:com.infinium.runners.TestRunner@5792c08c]" started-at="2026-01-08T22:57:12 IST" name="runScenario" description="Runs Cucumber Scenarios" data-provider="scenarios" finished-at="2026-01-08T22:57:14 IST" duration-ms="2162" status="PASS">
          <params>
            <param index="0">
              <value>
                <![CDATA["Reject phone number with special characters"]]>
              </value>
            </param>
            <param index="1">
              <value>
                <![CDATA["Store Purchase API"]]>
              </value>
            </param>
          </params>
          <reporter-output>
          </reporter-output>
        </test-method> <!-- runScenario -->
        <test-method signature="runScenario(io.cucumber.testng.PickleWrapper,io.cucumber.testng.FeatureWrapper)[pri:0, instance:com.infinium.runners.TestRunner@5792c08c]" started-at="2026-01-08T22:57:14 IST" name="runScenario" description="Runs Cucumber Scenarios" data-provider="scenarios" finished-at="2026-01-08T22:57:17 IST" duration-ms="2181" status="PASS">
          <params>
            <param index="0">
              <value>
                <![CDATA["Reject phone number with country code prefix"]]>
              </value>
            </param>
            <param index="1">
              <value>
                <![CDATA["Store Purchase API"]]>
              </value>
            </param>
          </params>
          <reporter-output>
          </reporter-output>
        </test-method> <!-- runScenario -->
        <test-method signature="runScenario(io.cucumber.testng.PickleWrapper,io.cucumber.testng.FeatureWrapper)[pri:0, instance:com.infinium.runners.TestRunner@5792c08c]" started-at="2026-01-08T22:57:17 IST" name="runScenario" description="Runs Cucumber Scenarios" data-provider="scenarios" finished-at="2026-01-08T22:57:20 IST" duration-ms="2856" status="PASS">
          <params>
            <param index="0">
              <value>
                <![CDATA["Detect rapid repeated purchase attempts using same phone number"]]>
              </value>
            </param>
            <param index="1">
              <value>
                <![CDATA["Store Purchase API"]]>
              </value>
            </param>
          </params>
          <reporter-output>
          </reporter-output>
        </test-method> <!-- runScenario -->
        <test-method is-config="true" signature="tearDownClass()[pri:0, instance:com.infinium.runners.TestRunner@5792c08c]" started-at="2026-01-08T22:57:20 IST" name="tearDownClass" finished-at="2026-01-08T22:57:20 IST" duration-ms="333" status="PASS">
          <reporter-output>
          </reporter-output>
        </test-method> <!-- tearDownClass -->
      </class> <!-- com.infinium.runners.TestRunner -->
    </test> <!-- API Regression Tests -->
  </suite> <!-- Financial Intelligence Test Suite -->
</testng-results>
