<?xml version="1.0" encoding="UTF-8"?>
<testsuite xmlns:xsi="http://www.w3.org/2001/XMLSchema-instance" xsi:noNamespaceSchemaLocation="https://maven.apache.org/surefire/maven-surefire-plugin/xsd/surefire-test-report-3.0.xsd" version="3.0" name="TestSuite" time="51.606" tests="15" errors="0" skipped="0" failures="1">
  <properties>
[...]
</properties>
  <testcase name="runScenario[&quot;Verify Direct Purchase (Happy Path)&quot;, &quot;Store Purchase API&quot;](1)" classname="com.infinium.runners.TestRunner" time="10.695">
    <system-out><![CDATA[22:56:33.709 [TestNG-tests-1] INFO  com.infinium.listeners.TestListener - Test Suite API Regression Tests started
22:56:35.974 [TestNG-tests-1] INFO  com.infinium.listeners.TestListener - Test started: runScenario

@Regression @StorePurchase @HappyPath
Scenario: Verify Direct Purchase (Happy Path)       # src/test/resources/features/StorePurchase.feature:11

--------------------------------------------------------------------------------
SCENARIO: Verify Direct Purchase (Happy Path)
--------------------------------------------------------------------------------
22:56:36.568 [TestNG-tests-1] INFO  com.infinium.hooks.TestHooks - Starting scenario: Verify Direct Purchase (Happy Path)
  Given the Store Purchase API is available         # com.infinium.stepDefinitions.StorePurchaseSteps.the_store_purchase_api_is_available()
  Given I prepare a valid store purchase request    # com.infinium.stepDefinitions.StorePurchaseSteps.i_prepare_a_valid_store_purchase_request()
  And I set productId as "store_1000"               # com.infinium.stepDefinitions.StorePurchaseSteps.i_set_product_id_as(java.lang.String)
  And I set amount as 999                           # com.infinium.stepDefinitions.StorePurchaseSteps.i_set_amount_as(int)
  And I set quantity as 1                           # com.infinium.stepDefinitions.StorePurchaseSteps.i_set_quantity_as(int)
  And I set inventoryId as 839                      # com.infinium.stepDefinitions.StorePurchaseSteps.i_set_inventory_id_as(int)
  And I set denominationId as 1                     # com.infinium.stepDefinitions.StorePurchaseSteps.i_set_denomination_id_as(int)
  And I set redirect URL                            # com.infinium.stepDefinitions.StorePurchaseSteps.i_set_redirect_url()
  And I set PhonePe payment mode as "NetBanking"    # com.infinium.stepDefinitions.StorePurchaseSteps.i_set_phone_pe_payment_mode_as(java.lang.String)
  And I set PhonePe target app as "com.phonepe.app" # com.infinium.stepDefinitions.StorePurchaseSteps.i_set_phone_pe_target_app_as(java.lang.String)
  And I set additional parameters                   # com.infinium.stepDefinitions.StorePurchaseSteps.i_set_additional_parameters()
Response Status: 200
{
    "merchantTransactionId": "2555d26c-0bdd-483f-9c3a-94dc2508c090",
    "orderId": 11446,
    "paymentGatewayType": "cashfree",
    "redirectUrl": "https://payments-test.cashfree.com/links/G9on6rqsmvlg_AAAAAACdhWo",
    "token": ""
}
  When I submit the store purchase request          # com.infinium.stepDefinitions.StorePurchaseSteps.i_submit_the_store_purchase_request()
  Then the response status code should be 200       # com.infinium.stepDefinitions.StorePurchaseSteps.the_response_status_code_should_be(int)
  And the response should contain redirect URL      # com.infinium.stepDefinitions.StorePurchaseSteps.the_response_should_contain_redirect_url()
--------------------------------------------------------------------------------
RESULT: PASSED
--------------------------------------------------------------------------------

22:56:44.524 [TestNG-tests-1] INFO  com.infinium.hooks.TestHooks - Scenario passed: Verify Direct Purchase (Happy Path)
22:56:46.666 [TestNG-tests-1] INFO  com.infinium.listeners.TestListener - Test passed: runScenario
]]></system-out>
    <system-err><![CDATA[SLF4J: Failed to load class "org.slf4j.impl.StaticLoggerBinder".
SLF4J: Defaulting to no-operation (NOP) logger implementation
SLF4J: See http://www.slf4j.org/codes.html#StaticLoggerBinder for further details.
]]></system-err>
  </testcase>
  <testcase name="runScenario[&quot;Verify Unauthorized Access with Invalid Token&quot;, &quot;Store Purchase API&quot;](2)" classname="com.infinium.runners.TestRunner" time="2.272">
    <system-out><![CDATA[22:56:46.671 [TestNG-tests-1] INFO  com.infinium.listeners.TestListener - Test started: runScenario

@Regression @StorePurchase @Security
Scenario: Verify Unauthorized Access with Invalid Token # src/test/resources/features/StorePurchase.feature:27

--------------------------------------------------------------------------------
SCENARIO: Verify Unauthorized Access with Invalid Token
--------------------------------------------------------------------------------
22:56:46.696 [TestNG-tests-1] INFO  com.infinium.hooks.TestHooks - Starting scenario: Verify Unauthorized Access with Invalid Token
  Given the Store Purchase API is available             # com.infinium.stepDefinitions.StorePurchaseSteps.the_store_purchase_api_is_available()
  Given I prepare a valid store purchase request        # com.infinium.stepDefinitions.StorePurchaseSteps.i_prepare_a_valid_store_purchase_request()
  And I set an invalid authorization token              # com.infinium.stepDefinitions.StorePurchaseSteps.i_set_an_invalid_authorization_token()
Response Status: 400
{
    "error": "Unauthorized",
    "message": "Unauthorized",
    "statusCode": 401
}
  When I submit the store purchase request              # com.infinium.stepDefinitions.StorePurchaseSteps.i_submit_the_store_purchase_request()
  Then the response status code should be 400 or 401    # com.infinium.stepDefinitions.StorePurchaseSteps.the_response_status_code_should_be_or(int,int)
--------------------------------------------------------------------------------
RESULT: PASSED
--------------------------------------------------------------------------------

22:56:46.928 [TestNG-tests-1] INFO  com.infinium.hooks.TestHooks - Scenario passed: Verify Unauthorized Access with Invalid Token
22:56:48.944 [TestNG-tests-1] INFO  com.infinium.listeners.TestListener - Test passed: runScenario
]]></system-out>
  </testcase>
  <testcase name="runScenario[&quot;Verify Amount Manipulation&quot;, &quot;Store Purchase API&quot;](3)" classname="com.infinium.runners.TestRunner" time="2.169">
    <system-out><![CDATA[22:56:48.945 [TestNG-tests-1] INFO  com.infinium.listeners.TestListener - Test started: runScenario

@Regression @StorePurchase @Fraud
Scenario: Verify Amount Manipulation             # src/test/resources/features/StorePurchase.feature:34

--------------------------------------------------------------------------------
SCENARIO: Verify Amount Manipulation
--------------------------------------------------------------------------------
22:56:48.953 [TestNG-tests-1] INFO  com.infinium.hooks.TestHooks - Starting scenario: Verify Amount Manipulation
  Given the Store Purchase API is available      # com.infinium.stepDefinitions.StorePurchaseSteps.the_store_purchase_api_is_available()
  Given I prepare a valid store purchase request # com.infinium.stepDefinitions.StorePurchaseSteps.i_prepare_a_valid_store_purchase_request()
  And I set amount as 1                          # com.infinium.stepDefinitions.StorePurchaseSteps.i_set_amount_as(int)
Response Status: 400
{
    "error": "invalid purchase",
    "statusCode": 400
}
  When I submit the store purchase request       # com.infinium.stepDefinitions.StorePurchaseSteps.i_submit_the_store_purchase_request()
  Then the response status code should be 400    # com.infinium.stepDefinitions.StorePurchaseSteps.the_response_status_code_should_be(int)
--------------------------------------------------------------------------------
RESULT: PASSED
--------------------------------------------------------------------------------

22:56:49.098 [TestNG-tests-1] INFO  com.infinium.hooks.TestHooks - Scenario passed: Verify Amount Manipulation
22:56:51.112 [TestNG-tests-1] INFO  com.infinium.listeners.TestListener - Test passed: runScenario
]]></system-out>
  </testcase>
  <testcase name="runScenario[&quot;Verify Quantity Manipulation&quot;, &quot;Store Purchase API&quot;](4)" classname="com.infinium.runners.TestRunner" time="2.194">
    <system-out><![CDATA[22:56:51.114 [TestNG-tests-1] INFO  com.infinium.listeners.TestListener - Test started: runScenario

@Regression @StorePurchase @Fraud
Scenario: Verify Quantity Manipulation           # src/test/resources/features/StorePurchase.feature:41

--------------------------------------------------------------------------------
SCENARIO: Verify Quantity Manipulation
--------------------------------------------------------------------------------
22:56:51.124 [TestNG-tests-1] INFO  com.infinium.hooks.TestHooks - Starting scenario: Verify Quantity Manipulation
  Given the Store Purchase API is available      # com.infinium.stepDefinitions.StorePurchaseSteps.the_store_purchase_api_is_available()
  Given I prepare a valid store purchase request # com.infinium.stepDefinitions.StorePurchaseSteps.i_prepare_a_valid_store_purchase_request()
  And I set quantity as -1                       # com.infinium.stepDefinitions.StorePurchaseSteps.i_set_quantity_as(int)
Response Status: 400
{
    "error": "Please try again after sometime",
    "message": "Please try again after sometime",
    "statusCode": 400
}
  When I submit the store purchase request       # com.infinium.stepDefinitions.StorePurchaseSteps.i_submit_the_store_purchase_request()
  Then the response status code should be 400    # com.infinium.stepDefinitions.StorePurchaseSteps.the_response_status_code_should_be(int)
--------------------------------------------------------------------------------
RESULT: PASSED
--------------------------------------------------------------------------------

22:56:51.292 [TestNG-tests-1] INFO  com.infinium.hooks.TestHooks - Scenario passed: Verify Quantity Manipulation
22:56:53.308 [TestNG-tests-1] INFO  com.infinium.listeners.TestListener - Test passed: runScenario
]]></system-out>
  </testcase>
  <testcase name="runScenario[&quot;Verify Missing API Key&quot;, &quot;Store Purchase API&quot;](5)" classname="com.infinium.runners.TestRunner" time="2.717">
    <failure message="Expected status code 400 or 401 but found 200 expected [true] but found [false]" type="java.lang.AssertionError"><![CDATA[java.lang.AssertionError: Expected status code 400 or 401 but found 200 expected [true] but found [false]
	at org.testng.Assert.fail(Assert.java:111)
	at org.testng.Assert.failNotEquals(Assert.java:1578)
	at org.testng.Assert.assertTrue(Assert.java:57)
	at com.infinium.stepDefinitions.StorePurchaseSteps.the_response_status_code_should_be_or(StorePurchaseSteps.java:128)
	at ✽.the response status code should be 400 or 401(file:///C:/Selenium%20framework%20export/Manu/Euronet-API-Test/src/test/resources/features/StorePurchase.feature:52)
]]></failure>
    <system-out><![CDATA[22:56:53.308 [TestNG-tests-1] INFO  com.infinium.listeners.TestListener - Test started: runScenario

@Regression @StorePurchase @Security
Scenario: Verify Missing API Key                     # src/test/resources/features/StorePurchase.feature:48

--------------------------------------------------------------------------------
SCENARIO: Verify Missing API Key
--------------------------------------------------------------------------------
22:56:53.342 [TestNG-tests-1] INFO  com.infinium.hooks.TestHooks - Starting scenario: Verify Missing API Key
  Given the Store Purchase API is available          # com.infinium.stepDefinitions.StorePurchaseSteps.the_store_purchase_api_is_available()
  Given I prepare a valid store purchase request     # com.infinium.stepDefinitions.StorePurchaseSteps.i_prepare_a_valid_store_purchase_request()
  And I remove API key                               # com.infinium.stepDefinitions.StorePurchaseSteps.i_remove_api_key()
Response Status: 200
{
    "merchantTransactionId": "e0a50af1-0ccb-4ac9-a8fe-61722028c249",
    "orderId": 11447,
    "paymentGatewayType": "cashfree",
    "redirectUrl": "https://payments-test.cashfree.com/links/r9on6she2usg_AAAAAACdhWo",
    "token": ""
}
  When I submit the store purchase request           # com.infinium.stepDefinitions.StorePurchaseSteps.i_submit_the_store_purchase_request()
  Then the response status code should be 400 or 401 # com.infinium.stepDefinitions.StorePurchaseSteps.the_response_status_code_should_be_or(int,int)
      java.lang.AssertionError: Expected status code 400 or 401 but found 200 expected [true] but found [false]
	at org.testng.Assert.fail(Assert.java:111)
	at org.testng.Assert.failNotEquals(Assert.java:1578)
	at org.testng.Assert.assertTrue(Assert.java:57)
	at com.infinium.stepDefinitions.StorePurchaseSteps.the_response_status_code_should_be_or(StorePurchaseSteps.java:128)
	at âœ½.the response status code should be 400 or 401(file:///C:/Selenium%20framework%20export/Manu/Euronet-API-Test/src/test/resources/features/StorePurchase.feature:52)

--------------------------------------------------------------------------------
RESULT: FAILED
--------------------------------------------------------------------------------

22:56:53.974 [TestNG-tests-1] ERROR com.infinium.hooks.TestHooks - Scenario failed: Verify Missing API Key
22:56:55.989 [TestNG-tests-1] ERROR com.infinium.listeners.TestListener - Test failed: runScenario
java.lang.AssertionError: Expected status code 400 or 401 but found 200 expected [true] but found [false]
	at org.testng.Assert.fail(Assert.java:111) ~[testng-7.10.2.jar:7.10.2]
	at org.testng.Assert.failNotEquals(Assert.java:1578) ~[testng-7.10.2.jar:7.10.2]
	at org.testng.Assert.assertTrue(Assert.java:57) ~[testng-7.10.2.jar:7.10.2]
	at com.infinium.stepDefinitions.StorePurchaseSteps.the_response_status_code_should_be_or(StorePurchaseSteps.java:128) ~[test-classes/:?]
	at ?.the response status code should be 400 or 401(file:///C:/Selenium%20framework%20export/Manu/Euronet-API-Test/src/test/resources/features/StorePurchase.feature:52) ~[?:?]
]]></system-out>
  </testcase>
  <testcase name="runScenario[&quot;Prevent duplicate store purchase request&quot;, &quot;Store Purchase API&quot;](6)" classname="com.infinium.runners.TestRunner" time="2.832">
    <system-out><![CDATA[22:56:56.025 [TestNG-tests-1] INFO  com.infinium.listeners.TestListener - Test started: runScenario

@Regression @StorePurchase @Security @Idempotency
Scenario: Prevent duplicate store purchase request               # src/test/resources/features/StorePurchase.feature:55

--------------------------------------------------------------------------------
SCENARIO: Prevent duplicate store purchase request
--------------------------------------------------------------------------------
22:56:56.046 [TestNG-tests-1] INFO  com.infinium.hooks.TestHooks - Starting scenario: Prevent duplicate store purchase request
  Given the Store Purchase API is available                      # com.infinium.stepDefinitions.StorePurchaseSteps.the_store_purchase_api_is_available()
  Given I prepare a valid store purchase request                 # com.infinium.stepDefinitions.StorePurchaseSteps.i_prepare_a_valid_store_purchase_request()
Response Status: 200
{
    "merchantTransactionId": "4dab4805-b0c3-4593-9b67-a268228d5ac4",
    "orderId": 11448,
    "paymentGatewayType": "cashfree",
    "redirectUrl": "https://payments-test.cashfree.com/links/i9on6smqeusg_AAAAAACdhWo",
    "token": ""
}
  When I submit the store purchase request                       # com.infinium.stepDefinitions.StorePurchaseSteps.i_submit_the_store_purchase_request()
Second Response Status: 400
  And I immediately submit the same store purchase request again # com.infinium.stepDefinitions.StorePurchaseSteps.i_immediately_submit_the_same_store_purchase_request_again()
  Then the second response status code should be 409 or 400      # com.infinium.stepDefinitions.StorePurchaseSteps.the_second_response_status_code_should_be_or(int,int)
--------------------------------------------------------------------------------
RESULT: PASSED
--------------------------------------------------------------------------------

22:56:56.849 [TestNG-tests-1] INFO  com.infinium.hooks.TestHooks - Scenario passed: Prevent duplicate store purchase request
22:56:58.854 [TestNG-tests-1] INFO  com.infinium.listeners.TestListener - Test passed: runScenario
]]></system-out>
  </testcase>
  <testcase name="runScenario[&quot;Reject purchase with unsupported country code&quot;, &quot;Store Purchase API&quot;](7)" classname="com.infinium.runners.TestRunner" time="2.173">
    <system-out><![CDATA[22:56:58.857 [TestNG-tests-1] INFO  com.infinium.listeners.TestListener - Test started: runScenario

@Regression @StorePurchase @Validation
Scenario: Reject purchase with unsupported country code # src/test/resources/features/StorePurchase.feature:62

--------------------------------------------------------------------------------
SCENARIO: Reject purchase with unsupported country code
--------------------------------------------------------------------------------
22:56:58.865 [TestNG-tests-1] INFO  com.infinium.hooks.TestHooks - Starting scenario: Reject purchase with unsupported country code
  Given the Store Purchase API is available             # com.infinium.stepDefinitions.StorePurchaseSteps.the_store_purchase_api_is_available()
  Given I prepare a valid store purchase request        # com.infinium.stepDefinitions.StorePurchaseSteps.i_prepare_a_valid_store_purchase_request()
  And I set country code as "US"                        # com.infinium.stepDefinitions.StorePurchaseSteps.i_set_country_code_as(java.lang.String)
Response Status: 400
{
    "error": "Please try again after sometime",
    "message": "Please try again after sometime",
    "statusCode": 400
}
  When I submit the store purchase request              # com.infinium.stepDefinitions.StorePurchaseSteps.i_submit_the_store_purchase_request()
  Then the response status code should be 400           # com.infinium.stepDefinitions.StorePurchaseSteps.the_response_status_code_should_be(int)
--------------------------------------------------------------------------------
RESULT: PASSED
--------------------------------------------------------------------------------

22:56:59.021 [TestNG-tests-1] INFO  com.infinium.hooks.TestHooks - Scenario passed: Reject purchase with unsupported country code
22:57:01.029 [TestNG-tests-1] INFO  com.infinium.listeners.TestListener - Test passed: runScenario
]]></system-out>
  </testcase>
  <testcase name="runScenario[&quot;Reject redirect URL from untrusted domain&quot;, &quot;Store Purchase API&quot;](8)" classname="com.infinium.runners.TestRunner" time="2.415">
    <system-out><![CDATA[22:57:01.031 [TestNG-tests-1] INFO  com.infinium.listeners.TestListener - Test started: runScenario

@Regression @StorePurchase @Security
Scenario: Reject redirect URL from untrusted domain          # src/test/resources/features/StorePurchase.feature:69

--------------------------------------------------------------------------------
SCENARIO: Reject redirect URL from untrusted domain
--------------------------------------------------------------------------------
22:57:01.039 [TestNG-tests-1] INFO  com.infinium.hooks.TestHooks - Starting scenario: Reject redirect URL from untrusted domain
  Given the Store Purchase API is available                  # com.infinium.stepDefinitions.StorePurchaseSteps.the_store_purchase_api_is_available()
  Given I prepare a valid store purchase request             # com.infinium.stepDefinitions.StorePurchaseSteps.i_prepare_a_valid_store_purchase_request()
  And I set redirect URL as "https://evil-site.com/callback" # com.infinium.stepDefinitions.StorePurchaseSteps.i_set_redirect_url_as(java.lang.String)
Response Status: 400
{
    "error": "Please try again after sometime",
    "message": "Please try again after sometime",
    "statusCode": 400
}
  When I submit the store purchase request                   # com.infinium.stepDefinitions.StorePurchaseSteps.i_submit_the_store_purchase_request()
  Then the response status code should be 400                # com.infinium.stepDefinitions.StorePurchaseSteps.the_response_status_code_should_be(int)
--------------------------------------------------------------------------------
RESULT: PASSED
--------------------------------------------------------------------------------

22:57:01.433 [TestNG-tests-1] INFO  com.infinium.hooks.TestHooks - Scenario passed: Reject redirect URL from untrusted domain
22:57:03.445 [TestNG-tests-1] INFO  com.infinium.listeners.TestListener - Test passed: runScenario
]]></system-out>
  </testcase>
  <testcase name="runScenario[&quot;Reject unsupported PhonePe payment mode&quot;, &quot;Store Purchase API&quot;](9)" classname="com.infinium.runners.TestRunner" time="2.2">
    <system-out><![CDATA[22:57:03.447 [TestNG-tests-1] INFO  com.infinium.listeners.TestListener - Test started: runScenario

@Regression @StorePurchase @Validation
Scenario: Reject unsupported PhonePe payment mode # src/test/resources/features/StorePurchase.feature:76

--------------------------------------------------------------------------------
SCENARIO: Reject unsupported PhonePe payment mode
--------------------------------------------------------------------------------
22:57:03.460 [TestNG-tests-1] INFO  com.infinium.hooks.TestHooks - Starting scenario: Reject unsupported PhonePe payment mode
  Given the Store Purchase API is available       # com.infinium.stepDefinitions.StorePurchaseSteps.the_store_purchase_api_is_available()
  Given I prepare a valid store purchase request  # com.infinium.stepDefinitions.StorePurchaseSteps.i_prepare_a_valid_store_purchase_request()
  And I set PhonePe payment mode as "Crypto"      # com.infinium.stepDefinitions.StorePurchaseSteps.i_set_phone_pe_payment_mode_as(java.lang.String)
Response Status: 400
{
    "error": "Please try again after sometime",
    "message": "Please try again after sometime",
    "statusCode": 400
}
  When I submit the store purchase request        # com.infinium.stepDefinitions.StorePurchaseSteps.i_submit_the_store_purchase_request()
  Then the response status code should be 400     # com.infinium.stepDefinitions.StorePurchaseSteps.the_response_status_code_should_be(int)
--------------------------------------------------------------------------------
RESULT: PASSED
--------------------------------------------------------------------------------

22:57:03.628 [TestNG-tests-1] INFO  com.infinium.hooks.TestHooks - Scenario passed: Reject unsupported PhonePe payment mode
22:57:05.647 [TestNG-tests-1] INFO  com.infinium.listeners.TestListener - Test passed: runScenario
]]></system-out>
  </testcase>
  <testcase name="runScenario[&quot;Block excessive store purchase attempts&quot;, &quot;Store Purchase API&quot;](10)" classname="com.infinium.runners.TestRunner" time="2.854">
    <system-out><![CDATA[22:57:05.648 [TestNG-tests-1] INFO  com.infinium.listeners.TestListener - Test started: runScenario

@Regression @StorePurchase @Security @Abuse
Scenario: Block excessive store purchase attempts                 # src/test/resources/features/StorePurchase.feature:83

--------------------------------------------------------------------------------
SCENARIO: Block excessive store purchase attempts
--------------------------------------------------------------------------------
22:57:05.656 [TestNG-tests-1] INFO  com.infinium.hooks.TestHooks - Starting scenario: Block excessive store purchase attempts
  Given the Store Purchase API is available                       # com.infinium.stepDefinitions.StorePurchaseSteps.the_store_purchase_api_is_available()
  Given I prepare a valid store purchase request                  # com.infinium.stepDefinitions.StorePurchaseSteps.i_prepare_a_valid_store_purchase_request()
Rapid Response Status: 400
  When I submit the store purchase request multiple times rapidly # com.infinium.stepDefinitions.StorePurchaseSteps.i_submit_the_store_purchase_request_multiple_times_rapidly()
  Then the response status code should be 429 or 400              # com.infinium.stepDefinitions.StorePurchaseSteps.the_response_status_code_should_be_or(int,int)
--------------------------------------------------------------------------------
RESULT: PASSED
--------------------------------------------------------------------------------

22:57:06.495 [TestNG-tests-1] INFO  com.infinium.hooks.TestHooks - Scenario passed: Block excessive store purchase attempts
22:57:08.501 [TestNG-tests-1] INFO  com.infinium.listeners.TestListener - Test passed: runScenario
]]></system-out>
  </testcase>
  <testcase name="runScenario[&quot;Reject phone number with invalid length&quot;, &quot;Store Purchase API&quot;](11)" classname="com.infinium.runners.TestRunner" time="2.145">
    <system-out><![CDATA[22:57:08.502 [TestNG-tests-1] INFO  com.infinium.listeners.TestListener - Test started: runScenario

@Regression @StorePurchase @Validation @PhoneNumber
Scenario: Reject phone number with invalid length # src/test/resources/features/StorePurchase.feature:89

--------------------------------------------------------------------------------
SCENARIO: Reject phone number with invalid length
--------------------------------------------------------------------------------
22:57:08.509 [TestNG-tests-1] INFO  com.infinium.hooks.TestHooks - Starting scenario: Reject phone number with invalid length
  Given the Store Purchase API is available       # com.infinium.stepDefinitions.StorePurchaseSteps.the_store_purchase_api_is_available()
  Given I prepare a valid store purchase request  # com.infinium.stepDefinitions.StorePurchaseSteps.i_prepare_a_valid_store_purchase_request()
  And I set phone number as "98765"               # com.infinium.stepDefinitions.StorePurchaseSteps.i_set_phone_number_as(java.lang.String)
Response Status: 400
{
    "error": "Please try again after sometime",
    "message": "Please try again after sometime",
    "statusCode": 400
}
  When I submit the store purchase request        # com.infinium.stepDefinitions.StorePurchaseSteps.i_submit_the_store_purchase_request()
  Then the response status code should be 400     # com.infinium.stepDefinitions.StorePurchaseSteps.the_response_status_code_should_be(int)
--------------------------------------------------------------------------------
RESULT: PASSED
--------------------------------------------------------------------------------

22:57:08.632 [TestNG-tests-1] INFO  com.infinium.hooks.TestHooks - Scenario passed: Reject phone number with invalid length
22:57:10.647 [TestNG-tests-1] INFO  com.infinium.listeners.TestListener - Test passed: runScenario
]]></system-out>
  </testcase>
  <testcase name="runScenario[&quot;Reject phone number containing alphabets&quot;, &quot;Store Purchase API&quot;](12)" classname="com.infinium.runners.TestRunner" time="2.161">
    <system-out><![CDATA[22:57:10.648 [TestNG-tests-1] INFO  com.infinium.listeners.TestListener - Test started: runScenario

@Regression @StorePurchase @Validation @PhoneNumber
Scenario: Reject phone number containing alphabets # src/test/resources/features/StorePurchase.feature:96

--------------------------------------------------------------------------------
SCENARIO: Reject phone number containing alphabets
--------------------------------------------------------------------------------
22:57:10.658 [TestNG-tests-1] INFO  com.infinium.hooks.TestHooks - Starting scenario: Reject phone number containing alphabets
  Given the Store Purchase API is available        # com.infinium.stepDefinitions.StorePurchaseSteps.the_store_purchase_api_is_available()
  Given I prepare a valid store purchase request   # com.infinium.stepDefinitions.StorePurchaseSteps.i_prepare_a_valid_store_purchase_request()
  And I set phone number as "98AB543210"           # com.infinium.stepDefinitions.StorePurchaseSteps.i_set_phone_number_as(java.lang.String)
Response Status: 400
{
    "error": "Please try again after sometime",
    "message": "Please try again after sometime",
    "statusCode": 400
}
  When I submit the store purchase request         # com.infinium.stepDefinitions.StorePurchaseSteps.i_submit_the_store_purchase_request()
  Then the response status code should be 400      # com.infinium.stepDefinitions.StorePurchaseSteps.the_response_status_code_should_be(int)
--------------------------------------------------------------------------------
RESULT: PASSED
--------------------------------------------------------------------------------

22:57:10.793 [TestNG-tests-1] INFO  com.infinium.hooks.TestHooks - Scenario passed: Reject phone number containing alphabets
22:57:12.810 [TestNG-tests-1] INFO  com.infinium.listeners.TestListener - Test passed: runScenario
]]></system-out>
  </testcase>
  <testcase name="runScenario[&quot;Reject phone number with special characters&quot;, &quot;Store Purchase API&quot;](13)" classname="com.infinium.runners.TestRunner" time="2.162">
    <system-out><![CDATA[22:57:12.811 [TestNG-tests-1] INFO  com.infinium.listeners.TestListener - Test started: runScenario

@Regression @StorePurchase @Validation @PhoneNumber
Scenario: Reject phone number with special characters # src/test/resources/features/StorePurchase.feature:103

--------------------------------------------------------------------------------
SCENARIO: Reject phone number with special characters
--------------------------------------------------------------------------------
22:57:12.817 [TestNG-tests-1] INFO  com.infinium.hooks.TestHooks - Starting scenario: Reject phone number with special characters
  Given the Store Purchase API is available           # com.infinium.stepDefinitions.StorePurchaseSteps.the_store_purchase_api_is_available()
  Given I prepare a valid store purchase request      # com.infinium.stepDefinitions.StorePurchaseSteps.i_prepare_a_valid_store_purchase_request()
  And I set phone number as "98765@3210"              # com.infinium.stepDefinitions.StorePurchaseSteps.i_set_phone_number_as(java.lang.String)
Response Status: 400
{
    "error": "Please try again after sometime",
    "message": "Please try again after sometime",
    "statusCode": 400
}
  When I submit the store purchase request            # com.infinium.stepDefinitions.StorePurchaseSteps.i_submit_the_store_purchase_request()
  Then the response status code should be 400         # com.infinium.stepDefinitions.StorePurchaseSteps.the_response_status_code_should_be(int)
--------------------------------------------------------------------------------
RESULT: PASSED
--------------------------------------------------------------------------------

22:57:12.964 [TestNG-tests-1] INFO  com.infinium.hooks.TestHooks - Scenario passed: Reject phone number with special characters
22:57:14.973 [TestNG-tests-1] INFO  com.infinium.listeners.TestListener - Test passed: runScenario
]]></system-out>
  </testcase>
  <testcase name="runScenario[&quot;Reject phone number with country code prefix&quot;, &quot;Store Purchase API&quot;](14)" classname="com.infinium.runners.TestRunner" time="2.183">
    <system-out><![CDATA[22:57:14.973 [TestNG-tests-1] INFO  com.infinium.listeners.TestListener - Test started: runScenario

@Regression @StorePurchase @Validation @PhoneNumber
Scenario: Reject phone number with country code prefix # src/test/resources/features/StorePurchase.feature:110

--------------------------------------------------------------------------------
SCENARIO: Reject phone number with country code prefix
--------------------------------------------------------------------------------
22:57:14.979 [TestNG-tests-1] INFO  com.infinium.hooks.TestHooks - Starting scenario: Reject phone number with country code prefix
  Given the Store Purchase API is available            # com.infinium.stepDefinitions.StorePurchaseSteps.the_store_purchase_api_is_available()
  Given I prepare a valid store purchase request       # com.infinium.stepDefinitions.StorePurchaseSteps.i_prepare_a_valid_store_purchase_request()
  And I set phone number as "+919876543210"            # com.infinium.stepDefinitions.StorePurchaseSteps.i_set_phone_number_as(java.lang.String)
Response Status: 400
{
    "error": "Please try again after sometime",
    "message": "Please try again after sometime",
    "statusCode": 400
}
  When I submit the store purchase request             # com.infinium.stepDefinitions.StorePurchaseSteps.i_submit_the_store_purchase_request()
  Then the response status code should be 400          # com.infinium.stepDefinitions.StorePurchaseSteps.the_response_status_code_should_be(int)
--------------------------------------------------------------------------------
RESULT: PASSED
--------------------------------------------------------------------------------

22:57:15.137 [TestNG-tests-1] INFO  com.infinium.hooks.TestHooks - Scenario passed: Reject phone number with country code prefix
22:57:17.154 [TestNG-tests-1] INFO  com.infinium.listeners.TestListener - Test passed: runScenario
]]></system-out>
  </testcase>
  <testcase name="runScenario[&quot;Detect rapid repeated purchase attempts using same phone number&quot;, &quot;Store Purchase API&quot;](15)" classname="com.infinium.runners.TestRunner" time="2.856">
    <system-out><![CDATA[22:57:17.157 [TestNG-tests-1] INFO  com.infinium.listeners.TestListener - Test started: runScenario

@Regression @StorePurchase @Security @Fraud @PhoneNumber
Scenario: Detect rapid repeated purchase attempts using same phone number # src/test/resources/features/StorePurchase.feature:117

--------------------------------------------------------------------------------
SCENARIO: Detect rapid repeated purchase attempts using same phone number
--------------------------------------------------------------------------------
22:57:17.162 [TestNG-tests-1] INFO  com.infinium.hooks.TestHooks - Starting scenario: Detect rapid repeated purchase attempts using same phone number
  Given the Store Purchase API is available                               # com.infinium.stepDefinitions.StorePurchaseSteps.the_store_purchase_api_is_available()
  Given I prepare a valid store purchase request                          # com.infinium.stepDefinitions.StorePurchaseSteps.i_prepare_a_valid_store_purchase_request()
  And I set phone number as "8765432138"                                  # com.infinium.stepDefinitions.StorePurchaseSteps.i_set_phone_number_as(java.lang.String)
Rapid Response Status: 400
  When I submit the store purchase request multiple times rapidly         # com.infinium.stepDefinitions.StorePurchaseSteps.i_submit_the_store_purchase_request_multiple_times_rapidly()
  Then the response status code should be 429 or 400                      # com.infinium.stepDefinitions.StorePurchaseSteps.the_response_status_code_should_be_or(int,int)
--------------------------------------------------------------------------------
RESULT: PASSED
--------------------------------------------------------------------------------

22:57:17.997 [TestNG-tests-1] INFO  com.infinium.hooks.TestHooks - Scenario passed: Detect rapid repeated purchase attempts using same phone number
22:57:20.013 [TestNG-tests-1] INFO  com.infinium.listeners.TestListener - Test passed: runScenario
]]></system-out>
  </testcase>
</testsuite>