<?xml version="1.0" encoding="UTF-8"?>
<testsuite xmlns:xsi="http://www.w3.org/2001/XMLSchema-instance" xsi:noNamespaceSchemaLocation="https://maven.apache.org/surefire/maven-surefire-plugin/xsd/surefire-test-report-3.0.xsd" version="3.0" name="TestSuite" time="46.461" tests="12" errors="0" skipped="0" failures="2">
  <properties>
[...]
</properties>
  <testcase name="runScenario[&quot;EB-01 Fetch billers with valid auth&quot;, &quot;Fetch Billers Validation&quot;](1)" classname="com.infinium.runners.TestRunner" time="9.751">
    <system-out><![CDATA[
@FetchBillers @Regression
Scenario: EB-01 Fetch billers with valid auth               # src/test/resources/features/FetchBillers.feature:4

--------------------------------------------------------------------------------
SCENARIO: EB-01 Fetch billers with valid auth
--------------------------------------------------------------------------------
  Given a valid x-vpc-key is provided                       # com.infinium.stepDefinitions.FetchBillersSteps.a_valid_x_vpc_key_is_provided()
Status Code: 200
Response Body:
{
    "data": {
        "billers": [
            {
                "id": "ART00MR000MR01",
                "name": "Airtel Provider"
            },
            {
                "id": "JIO00MR00NAT01",
                "name": "Jio Provider"
            },
            {
                "id": "BSNLMAH00NAT01",
                "name": "BSNL Provider"
            }
        ]
    },
    "success": true
}
  When I send a GET request to fetch billers                # com.infinium.stepDefinitions.FetchBillersSteps.i_send_a_get_request_to_fetch_billers()
  Then the fetch billers response status code should be 200 # com.infinium.stepDefinitions.FetchBillersSteps.the_fetch_billers_response_status_code_should_be(int)
  And the billers list should be present                    # com.infinium.stepDefinitions.FetchBillersSteps.the_billers_list_should_be_present()
--------------------------------------------------------------------------------
RESULT: PASSED
--------------------------------------------------------------------------------

]]></system-out>
    <system-err><![CDATA[SLF4J: Failed to load class "org.slf4j.impl.StaticLoggerBinder".
SLF4J: Defaulting to no-operation (NOP) logger implementation
SLF4J: See http://www.slf4j.org/codes.html#StaticLoggerBinder for further details.
]]></system-err>
  </testcase>
  <testcase name="runScenario[&quot;EB-02 Validate response format&quot;, &quot;Fetch Billers Validation&quot;](2)" classname="com.infinium.runners.TestRunner" time="4.897">
    <system-out><![CDATA[
@FetchBillers @Regression
Scenario: EB-02 Validate response format                    # src/test/resources/features/FetchBillers.feature:10

--------------------------------------------------------------------------------
SCENARIO: EB-02 Validate response format
--------------------------------------------------------------------------------
  Given a valid x-vpc-key is provided                       # com.infinium.stepDefinitions.FetchBillersSteps.a_valid_x_vpc_key_is_provided()
Status Code: 200
Response Body:
{
    "data": {
        "billers": [
            {
                "id": "ART00MR000MR01",
                "name": "Airtel Provider"
            },
            {
                "id": "JIO00MR00NAT01",
                "name": "Jio Provider"
            },
            {
                "id": "BSNLMAH00NAT01",
                "name": "BSNL Provider"
            }
        ]
    },
    "success": true
}
  When I send a GET request to fetch billers                # com.infinium.stepDefinitions.FetchBillersSteps.i_send_a_get_request_to_fetch_billers()
  Then the fetch billers response status code should be 200 # com.infinium.stepDefinitions.FetchBillersSteps.the_fetch_billers_response_status_code_should_be(int)
  And the response should be in JSON format                 # com.infinium.stepDefinitions.FetchBillersSteps.the_response_should_be_in_json_format()
  And the response should contain a data array              # com.infinium.stepDefinitions.FetchBillersSteps.the_response_should_contain_a_data_array()
--------------------------------------------------------------------------------
RESULT: PASSED
--------------------------------------------------------------------------------

]]></system-out>
  </testcase>
  <testcase name="runScenario[&quot;EB-03 Validate mandatory fields&quot;, &quot;Fetch Billers Validation&quot;](3)" classname="com.infinium.runners.TestRunner" time="2.317">
    <system-out><![CDATA[
@FetchBillers @Regression
Scenario: EB-03 Validate mandatory fields                   # src/test/resources/features/FetchBillers.feature:17

--------------------------------------------------------------------------------
SCENARIO: EB-03 Validate mandatory fields
--------------------------------------------------------------------------------
  Given a valid x-vpc-key is provided                       # com.infinium.stepDefinitions.FetchBillersSteps.a_valid_x_vpc_key_is_provided()
Status Code: 200
Response Body:
{
    "data": {
        "billers": [
            {
                "id": "ART00MR000MR01",
                "name": "Airtel Provider"
            },
            {
                "id": "JIO00MR00NAT01",
                "name": "Jio Provider"
            },
            {
                "id": "BSNLMAH00NAT01",
                "name": "BSNL Provider"
            }
        ]
    },
    "success": true
}
  When I send a GET request to fetch billers                # com.infinium.stepDefinitions.FetchBillersSteps.i_send_a_get_request_to_fetch_billers()
  Then the fetch billers response status code should be 200 # com.infinium.stepDefinitions.FetchBillersSteps.the_fetch_billers_response_status_code_should_be(int)
  And each biller should contain "id" and "name"            # com.infinium.stepDefinitions.FetchBillersSteps.each_biller_should_contain_fields(java.lang.String,java.lang.String)
--------------------------------------------------------------------------------
RESULT: PASSED
--------------------------------------------------------------------------------

]]></system-out>
  </testcase>
  <testcase name="runScenario[&quot;EB-04 Multiple consecutive calls&quot;, &quot;Fetch Billers Validation&quot;](4)" classname="com.infinium.runners.TestRunner" time="2.78">
    <system-out><![CDATA[
@FetchBillers @Regression
Scenario: EB-04 Multiple consecutive calls                # src/test/resources/features/FetchBillers.feature:23

--------------------------------------------------------------------------------
SCENARIO: EB-04 Multiple consecutive calls
--------------------------------------------------------------------------------
  Given a valid x-vpc-key is provided                     # com.infinium.stepDefinitions.FetchBillersSteps.a_valid_x_vpc_key_is_provided()
  When I send 5 consecutive GET requests to fetch billers # com.infinium.stepDefinitions.FetchBillersSteps.i_send_consecutive_get_requests(int)
  Then every response status code should be 200           # com.infinium.stepDefinitions.FetchBillersSteps.every_response_status_code_should_be(int)
--------------------------------------------------------------------------------
RESULT: PASSED
--------------------------------------------------------------------------------

]]></system-out>
  </testcase>
  <testcase name="runScenario[&quot;EB-05 Response consistency&quot;, &quot;Fetch Billers Validation&quot;](5)" classname="com.infinium.runners.TestRunner" time="2.313">
    <system-out><![CDATA[
@FetchBillers @Regression
Scenario: EB-05 Response consistency                      # src/test/resources/features/FetchBillers.feature:28

--------------------------------------------------------------------------------
SCENARIO: EB-05 Response consistency
--------------------------------------------------------------------------------
  Given a valid x-vpc-key is provided                     # com.infinium.stepDefinitions.FetchBillersSteps.a_valid_x_vpc_key_is_provided()
  When I send 2 consecutive GET requests to fetch billers # com.infinium.stepDefinitions.FetchBillersSteps.i_send_consecutive_get_requests(int)
  Then the responses should be consistent                 # com.infinium.stepDefinitions.FetchBillersSteps.the_responses_should_be_consistent()
--------------------------------------------------------------------------------
RESULT: PASSED
--------------------------------------------------------------------------------

]]></system-out>
  </testcase>
  <testcase name="runScenario[&quot;EB-06 Missing auth key&quot;, &quot;Fetch Billers Validation&quot;](6)" classname="com.infinium.runners.TestRunner" time="2.167">
    <system-out><![CDATA[
@FetchBillers @Regression
Scenario: EB-06 Missing auth key                            # src/test/resources/features/FetchBillers.feature:33

--------------------------------------------------------------------------------
SCENARIO: EB-06 Missing auth key
--------------------------------------------------------------------------------
  Given no x-vpc-key is provided                            # com.infinium.stepDefinitions.FetchBillersSteps.no_x_vpc_key_is_provided()
Status Code: 401
Response Body:
{
    "success": false,
    "error": {
        "code": "UNAUTHORIZED",
        "details": {
            
        },
        "error": "missing VPC token",
        "message": "You are not authorized to access this resource"
    }
}
  When I send a GET request to fetch billers                # com.infinium.stepDefinitions.FetchBillersSteps.i_send_a_get_request_to_fetch_billers()
  Then the fetch billers response status code should be 401 # com.infinium.stepDefinitions.FetchBillersSteps.the_fetch_billers_response_status_code_should_be(int)
--------------------------------------------------------------------------------
RESULT: PASSED
--------------------------------------------------------------------------------

]]></system-out>
  </testcase>
  <testcase name="runScenario[&quot;EB-07 Invalid auth key&quot;, &quot;Fetch Billers Validation&quot;](7)" classname="com.infinium.runners.TestRunner" time="2.165">
    <system-out><![CDATA[
@FetchBillers @Regression
Scenario: EB-07 Invalid auth key                            # src/test/resources/features/FetchBillers.feature:38

--------------------------------------------------------------------------------
SCENARIO: EB-07 Invalid auth key
--------------------------------------------------------------------------------
  Given an invalid x-vpc-key "INVALID_KEY_12345"            # com.infinium.stepDefinitions.FetchBillersSteps.an_invalid_x_vpc_key(java.lang.String)
Status Code: 401
Response Body:
{
    "success": false,
    "error": {
        "code": "UNAUTHORIZED",
        "details": {
            
        },
        "error": "invalid VPC token",
        "message": "You are not authorized to access this resource"
    }
}
  When I send a GET request to fetch billers                # com.infinium.stepDefinitions.FetchBillersSteps.i_send_a_get_request_to_fetch_billers()
  Then the fetch billers response status code should be 401 # com.infinium.stepDefinitions.FetchBillersSteps.the_fetch_billers_response_status_code_should_be(int)
--------------------------------------------------------------------------------
RESULT: PASSED
--------------------------------------------------------------------------------

]]></system-out>
  </testcase>
  <testcase name="runScenario[&quot;EB-08 Invalid HTTP method&quot;, &quot;Fetch Billers Validation&quot;](8)" classname="com.infinium.runners.TestRunner" time="2.186">
    <system-out><![CDATA[
@FetchBillers @Regression
Scenario: EB-08 Invalid HTTP method                         # src/test/resources/features/FetchBillers.feature:43

--------------------------------------------------------------------------------
SCENARIO: EB-08 Invalid HTTP method
--------------------------------------------------------------------------------
  Given a valid x-vpc-key is provided                       # com.infinium.stepDefinitions.FetchBillersSteps.a_valid_x_vpc_key_is_provided()
Status Code: 405
Response Body:
{
    "error": true,
    "message": "Method Not Allowed"
}
  When I send a POST request to fetch billers               # com.infinium.stepDefinitions.FetchBillersSteps.i_send_a_post_request_to_fetch_billers()
  Then the fetch billers response status code should be 405 # com.infinium.stepDefinitions.FetchBillersSteps.the_fetch_billers_response_status_code_should_be(int)
--------------------------------------------------------------------------------
RESULT: PASSED
--------------------------------------------------------------------------------

]]></system-out>
  </testcase>
  <testcase name="runScenario[&quot;EB-09 Invalid endpoint&quot;, &quot;Fetch Billers Validation&quot;](9)" classname="com.infinium.runners.TestRunner" time="2.165">
    <system-out><![CDATA[
@FetchBillers @Regression
Scenario: EB-09 Invalid endpoint                            # src/test/resources/features/FetchBillers.feature:48

--------------------------------------------------------------------------------
SCENARIO: EB-09 Invalid endpoint
--------------------------------------------------------------------------------
  Given a valid x-vpc-key is provided                       # com.infinium.stepDefinitions.FetchBillersSteps.a_valid_x_vpc_key_is_provided()
Status Code: 404
Response Body:
{
    "error": true,
    "message": "Cannot GET /store-shop-us/api/v1/inventory/euronet/list-billers/invalid"
}
  When I send a GET request to an invalid endpoint          # com.infinium.stepDefinitions.FetchBillersSteps.i_send_a_get_request_to_an_invalid_endpoint()
  Then the fetch billers response status code should be 404 # com.infinium.stepDefinitions.FetchBillersSteps.the_fetch_billers_response_status_code_should_be(int)
--------------------------------------------------------------------------------
RESULT: PASSED
--------------------------------------------------------------------------------

]]></system-out>
  </testcase>
  <testcase name="runScenario[&quot;EB-10 Empty biller list check&quot;, &quot;Fetch Billers Validation&quot;](10)" classname="com.infinium.runners.TestRunner" time="2.192">
    <system-out><![CDATA[
@FetchBillers @Regression
Scenario: EB-10 Empty biller list check                       # src/test/resources/features/FetchBillers.feature:53

--------------------------------------------------------------------------------
SCENARIO: EB-10 Empty biller list check
--------------------------------------------------------------------------------
  Given a valid x-vpc-key is provided                         # com.infinium.stepDefinitions.FetchBillersSteps.a_valid_x_vpc_key_is_provided()
Status Code: 200
Response Body:
{
    "data": {
        "billers": [
            {
                "id": "ART00MR000MR01",
                "name": "Airtel Provider"
            },
            {
                "id": "JIO00MR00NAT01",
                "name": "Jio Provider"
            },
            {
                "id": "BSNLMAH00NAT01",
                "name": "BSNL Provider"
            }
        ]
    },
    "success": true
}
  When I send a GET request to fetch billers                  # com.infinium.stepDefinitions.FetchBillersSteps.i_send_a_get_request_to_fetch_billers()
  Then the fetch billers response status code should be 200   # com.infinium.stepDefinitions.FetchBillersSteps.the_fetch_billers_response_status_code_should_be(int)
  And the billers list should be a valid array (empty or not) # com.infinium.stepDefinitions.FetchBillersSteps.the_billers_list_should_be_valid_array()
--------------------------------------------------------------------------------
RESULT: PASSED
--------------------------------------------------------------------------------

]]></system-out>
  </testcase>
  <testcase name="runScenario[&quot;EB-11 Duplicate billers check&quot;, &quot;Fetch Billers Validation&quot;](11)" classname="com.infinium.runners.TestRunner" time="2.296">
    <failure message="expected [300] but found [200]" type="java.lang.AssertionError"><![CDATA[java.lang.AssertionError: expected [300] but found [200]
	at org.testng.Assert.fail(Assert.java:111)
	at org.testng.Assert.failNotEquals(Assert.java:1578)
	at org.testng.Assert.assertEqualsImpl(Assert.java:150)
	at org.testng.Assert.assertEquals(Assert.java:132)
	at org.testng.Assert.assertEquals(Assert.java:1419)
	at org.testng.Assert.assertEquals(Assert.java:1383)
	at org.testng.Assert.assertEquals(Assert.java:1429)
	at com.infinium.stepDefinitions.FetchBillersSteps.the_fetch_billers_response_status_code_should_be(FetchBillersSteps.java:75)
	at ✽.the fetch billers response status code should be 300(file:///G:/Selenium%20Project/Stan%20Automation/Euronet-API-Test/src/test/resources/features/FetchBillers.feature:62)
]]></failure>
    <system-out><![CDATA[
@FetchBillers @Regression
Scenario: EB-11 Duplicate billers check                     # src/test/resources/features/FetchBillers.feature:59

--------------------------------------------------------------------------------
SCENARIO: EB-11 Duplicate billers check
--------------------------------------------------------------------------------
  Given a valid x-vpc-key is provided                       # com.infinium.stepDefinitions.FetchBillersSteps.a_valid_x_vpc_key_is_provided()
Status Code: 200
Response Body:
{
    "data": {
        "billers": [
            {
                "id": "ART00MR000MR01",
                "name": "Airtel Provider"
            },
            {
                "id": "JIO00MR00NAT01",
                "name": "Jio Provider"
            },
            {
                "id": "BSNLMAH00NAT01",
                "name": "BSNL Provider"
            }
        ]
    },
    "success": true
}
  When I send a GET request to fetch billers                # com.infinium.stepDefinitions.FetchBillersSteps.i_send_a_get_request_to_fetch_billers()
  Then the fetch billers response status code should be 300 # com.infinium.stepDefinitions.FetchBillersSteps.the_fetch_billers_response_status_code_should_be(int)
      java.lang.AssertionError: expected [300] but found [200]
	at org.testng.Assert.fail(Assert.java:111)
	at org.testng.Assert.failNotEquals(Assert.java:1578)
	at org.testng.Assert.assertEqualsImpl(Assert.java:150)
	at org.testng.Assert.assertEquals(Assert.java:132)
	at org.testng.Assert.assertEquals(Assert.java:1419)
	at org.testng.Assert.assertEquals(Assert.java:1383)
	at org.testng.Assert.assertEquals(Assert.java:1429)
	at com.infinium.stepDefinitions.FetchBillersSteps.the_fetch_billers_response_status_code_should_be(FetchBillersSteps.java:75)
	at âœ½.the fetch billers response status code should be 300(file:///G:/Selenium%20Project/Stan%20Automation/Euronet-API-Test/src/test/resources/features/FetchBillers.feature:62)

  And no duplicate "id" values should be present            # com.infinium.stepDefinitions.FetchBillersSteps.no_duplicate_values_should_be_present(java.lang.String)
--------------------------------------------------------------------------------
RESULT: FAILED
--------------------------------------------------------------------------------

10:48:42.546 [TestNG-tests-1] ERROR com.infinium.hooks.TestHooks - Scenario failed: EB-11 Duplicate billers check
10:48:44.582 [TestNG-tests-1] ERROR com.infinium.listeners.TestListener - Test failed: runScenario
java.lang.AssertionError: expected [300] but found [200]
	at org.testng.Assert.fail(Assert.java:111) ~[testng-7.10.2.jar:7.10.2]
	at org.testng.Assert.failNotEquals(Assert.java:1578) ~[testng-7.10.2.jar:7.10.2]
	at org.testng.Assert.assertEqualsImpl(Assert.java:150) ~[testng-7.10.2.jar:7.10.2]
	at org.testng.Assert.assertEquals(Assert.java:132) ~[testng-7.10.2.jar:7.10.2]
	at org.testng.Assert.assertEquals(Assert.java:1419) ~[testng-7.10.2.jar:7.10.2]
	at org.testng.Assert.assertEquals(Assert.java:1383) ~[testng-7.10.2.jar:7.10.2]
	at org.testng.Assert.assertEquals(Assert.java:1429) ~[testng-7.10.2.jar:7.10.2]
	at com.infinium.stepDefinitions.FetchBillersSteps.the_fetch_billers_response_status_code_should_be(FetchBillersSteps.java:75) ~[test-classes/:?]
	at ?.the fetch billers response status code should be 300(file:///G:/Selenium%20Project/Stan%20Automation/Euronet-API-Test/src/test/resources/features/FetchBillers.feature:62) ~[?:?]
]]></system-out>
  </testcase>
  <testcase name="runScenario[&quot;EB-12 Response time check&quot;, &quot;Fetch Billers Validation&quot;](12)" classname="com.infinium.runners.TestRunner" time="2.193">
    <failure message="Response time 128ms exceeded limit 100ms expected [true] but found [false]" type="java.lang.AssertionError"><![CDATA[java.lang.AssertionError: Response time 128ms exceeded limit 100ms expected [true] but found [false]
	at org.testng.Assert.fail(Assert.java:111)
	at org.testng.Assert.failNotEquals(Assert.java:1578)
	at org.testng.Assert.assertTrue(Assert.java:57)
	at com.infinium.stepDefinitions.FetchBillersSteps.the_response_time_should_be_less_than(FetchBillersSteps.java:152)
	at ✽.the response time should be less than 100 milliseconds(file:///G:/Selenium%20Project/Stan%20Automation/Euronet-API-Test/src/test/resources/features/FetchBillers.feature:69)
]]></failure>
    <system-out><![CDATA[
@FetchBillers @Regression
Scenario: EB-12 Response time check                          # src/test/resources/features/FetchBillers.feature:65

--------------------------------------------------------------------------------
SCENARIO: EB-12 Response time check
--------------------------------------------------------------------------------
  Given a valid x-vpc-key is provided                        # com.infinium.stepDefinitions.FetchBillersSteps.a_valid_x_vpc_key_is_provided()
Status Code: 200
Response Body:
{
    "data": {
        "billers": [
            {
                "id": "ART00MR000MR01",
                "name": "Airtel Provider"
            },
            {
                "id": "JIO00MR00NAT01",
                "name": "Jio Provider"
            },
            {
                "id": "BSNLMAH00NAT01",
                "name": "BSNL Provider"
            }
        ]
    },
    "success": true
}
  When I send a GET request to fetch billers                 # com.infinium.stepDefinitions.FetchBillersSteps.i_send_a_get_request_to_fetch_billers()
  Then the fetch billers response status code should be 200  # com.infinium.stepDefinitions.FetchBillersSteps.the_fetch_billers_response_status_code_should_be(int)
Response Time: 128ms
  And the response time should be less than 100 milliseconds # com.infinium.stepDefinitions.FetchBillersSteps.the_response_time_should_be_less_than(int)
      java.lang.AssertionError: Response time 128ms exceeded limit 100ms expected [true] but found [false]
	at org.testng.Assert.fail(Assert.java:111)
	at org.testng.Assert.failNotEquals(Assert.java:1578)
	at org.testng.Assert.assertTrue(Assert.java:57)
	at com.infinium.stepDefinitions.FetchBillersSteps.the_response_time_should_be_less_than(FetchBillersSteps.java:152)
	at âœ½.the response time should be less than 100 milliseconds(file:///G:/Selenium%20Project/Stan%20Automation/Euronet-API-Test/src/test/resources/features/FetchBillers.feature:69)

--------------------------------------------------------------------------------
RESULT: FAILED
--------------------------------------------------------------------------------

10:48:44.777 [TestNG-tests-1] ERROR com.infinium.hooks.TestHooks - Scenario failed: EB-12 Response time check
10:48:46.791 [TestNG-tests-1] ERROR com.infinium.listeners.TestListener - Test failed: runScenario
java.lang.AssertionError: Response time 128ms exceeded limit 100ms expected [true] but found [false]
	at org.testng.Assert.fail(Assert.java:111) ~[testng-7.10.2.jar:7.10.2]
	at org.testng.Assert.failNotEquals(Assert.java:1578) ~[testng-7.10.2.jar:7.10.2]
	at org.testng.Assert.assertTrue(Assert.java:57) ~[testng-7.10.2.jar:7.10.2]
	at com.infinium.stepDefinitions.FetchBillersSteps.the_response_time_should_be_less_than(FetchBillersSteps.java:152) ~[test-classes/:?]
	at ?.the response time should be less than 100 milliseconds(file:///G:/Selenium%20Project/Stan%20Automation/Euronet-API-Test/src/test/resources/features/FetchBillers.feature:69) ~[?:?]
]]></system-out>
  </testcase>
</testsuite>