<?xml version="1.0" encoding="UTF-8"?>
<!-- Generated by org.testng.reporters.JUnitReportReporter -->
<testsuite hostname="DESKTOP-9B6E1NU" failures="2" tests="12" name="com.infinium.runners.TestRunner" time="37.231" errors="0" timestamp="2025-12-16T10:48:47 IST" skipped="0">
  <testcase classname="com.infinium.runners.TestRunner" name="runScenario" time="4.909"/>
  <testcase classname="com.infinium.runners.TestRunner" name="runScenario" time="2.192"/>
  <testcase classname="com.infinium.runners.TestRunner" name="runScenario" time="2.156"/>
  <testcase classname="com.infinium.runners.TestRunner" name="runScenario" time="2.780"/>
  <testcase classname="com.infinium.runners.TestRunner" name="runScenario" time="2.172">
    <failure message="Response time 128ms exceeded limit 100ms expected [true] but found [false]" type="java.lang.AssertionError">
      <![CDATA[java.lang.AssertionError: Response time 128ms exceeded limit 100ms expected [true] but found [false]
at org.testng.Assert.fail(Assert.java:111)
at org.testng.Assert.failNotEquals(Assert.java:1578)
at org.testng.Assert.assertTrue(Assert.java:57)
at com.infinium.stepDefinitions.FetchBillersSteps.the_response_time_should_be_less_than(FetchBillersSteps.java:152)
at ✽.the response time should be less than 100 milliseconds(file:///G:/Selenium%20Project/Stan%20Automation/Euronet-API-Test/src/test/resources/features/FetchBillers.feature:69)
]]>
    </failure>
  </testcase> <!-- runScenario -->
  <testcase classname="com.infinium.runners.TestRunner" name="runScenario" time="2.167"/>
  <testcase classname="com.infinium.runners.TestRunner" name="runScenario" time="2.193"/>
  <testcase classname="com.infinium.runners.TestRunner" name="runScenario" time="2.316"/>
  <testcase classname="com.infinium.runners.TestRunner" name="runScenario" time="2.247">
    <failure message="expected [300] but found [200]" type="java.lang.AssertionError">
      <![CDATA[java.lang.AssertionError: expected [300] but found [200]
at org.testng.Assert.fail(Assert.java:111)
at org.testng.Assert.failNotEquals(Assert.java:1578)
at org.testng.Assert.assertEqualsImpl(Assert.java:150)
at org.testng.Assert.assertEquals(Assert.java:132)
at org.testng.Assert.assertEquals(Assert.java:1419)
at org.testng.Assert.assertEquals(Assert.java:1383)
at org.testng.Assert.assertEquals(Assert.java:1429)
at com.infinium.stepDefinitions.FetchBillersSteps.the_fetch_billers_response_status_code_should_be(FetchBillersSteps.java:75)
at ✽.the fetch billers response status code should be 300(file:///G:/Selenium%20Project/Stan%20Automation/Euronet-API-Test/src/test/resources/features/FetchBillers.feature:62)
]]>
    </failure>
  </testcase> <!-- runScenario -->
  <testcase classname="com.infinium.runners.TestRunner" name="runScenario" time="2.312"/>
  <testcase classname="com.infinium.runners.TestRunner" name="runScenario" time="2.167"/>
  <testcase classname="com.infinium.runners.TestRunner" name="runScenario" time="9.620"/>
</testsuite> <!-- com.infinium.runners.TestRunner -->
