<?xml version="1.0" encoding="UTF-8"?>
<!-- Generated by org.testng.reporters.JUnitReportReporter -->
<testsuite hostname="IMPETUS-BL0561" failures="1" tests="15" name="com.infinium.runners.TestRunner" time="43.984" errors="0" timestamp="2026-01-08T22:57:20 IST" skipped="0">
  <testcase classname="com.infinium.runners.TestRunner" name="runScenario" time="2.145"/>
  <testcase classname="com.infinium.runners.TestRunner" name="runScenario" time="2.415"/>
  <testcase classname="com.infinium.runners.TestRunner" name="runScenario" time="2.853"/>
  <testcase classname="com.infinium.runners.TestRunner" name="runScenario" time="2.831"/>
  <testcase classname="com.infinium.runners.TestRunner" name="runScenario" time="10.694"/>
  <testcase classname="com.infinium.runners.TestRunner" name="runScenario" time="2.162"/>
  <testcase classname="com.infinium.runners.TestRunner" name="runScenario" time="2.181"/>
  <testcase classname="com.infinium.runners.TestRunner" name="runScenario" time="2.193"/>
  <testcase classname="com.infinium.runners.TestRunner" name="runScenario" time="2.680">
    <failure message="Expected status code 400 or 401 but found 200 expected [true] but found [false]" type="java.lang.AssertionError">
      <![CDATA[java.lang.AssertionError: Expected status code 400 or 401 but found 200 expected [true] but found [false]
at org.testng.Assert.fail(Assert.java:111)
at org.testng.Assert.failNotEquals(Assert.java:1578)
at org.testng.Assert.assertTrue(Assert.java:57)
at com.infinium.stepDefinitions.StorePurchaseSteps.the_response_status_code_should_be_or(StorePurchaseSteps.java:128)
at âœ½.the response status code should be 400 or 401(file:///C:/Selenium%20framework%20export/Manu/Euronet-API-Test/src/test/resources/features/StorePurchase.feature:52)
]]>
    </failure>
  </testcase> <!-- runScenario -->
  <testcase classname="com.infinium.runners.TestRunner" name="runScenario" time="2.172"/>
  <testcase classname="com.infinium.runners.TestRunner" name="runScenario" time="2.856"/>
  <testcase classname="com.infinium.runners.TestRunner" name="runScenario" time="2.200"/>
  <testcase classname="com.infinium.runners.TestRunner" name="runScenario" time="2.162"/>
  <testcase classname="com.infinium.runners.TestRunner" name="runScenario" time="2.273"/>
  <testcase classname="com.infinium.runners.TestRunner" name="runScenario" time="2.167"/>
</testsuite> <!-- com.infinium.runners.TestRunner -->
